

Microchip MPLAB XC8 Assembler V2.40 build 20220703182018 
                                                                                               Mon Nov 07 13:58:57 2022

Microchip MPLAB XC8 C Compiler v2.40 (Free license) build 20220703182018 Og1 
     1                           	processor	18F57Q43
     2                           	fnconf	rparam,??,?,0
     3                           	pagewidth 120
     4                           	opt	flic
     5                           	psect	cinit,global,reloc=2,class=CODE,delta=1
     6                           	psect	cstackCOMRAM,global,class=COMRAM,space=1,delta=1,lowdata,noexec
     7                           	psect	text0,global,reloc=2,class=CODE,delta=1
     8                           	psect	text1,global,reloc=2,class=CODE,delta=1
     9                           	psect	text2,global,reloc=2,class=CODE,delta=1
    10                           	psect	text3,global,reloc=2,class=CODE,delta=1
    11                           	psect	text4,global,reloc=2,class=CODE,delta=1
    12                           	psect	intsave_regs,global,class=BIGRAM,space=1,delta=1,noexec
    13                           	psect	rparam,global,class=COMRAM,space=1,delta=1,noexec
    14                           	psect	idloc,global,abs,ovrld,class=IDLOC,space=5,delta=1,noexec
    15                           	psect	config,global,abs,ovrld,class=CONFIG,space=4,delta=1,noexec
    16   000000                     
    17                           ; Generated 17/06/2022 GMT
    18                           ; 
    19                           ; Copyright © 2022, Microchip Technology Inc. and its subsidiaries ("Microchip")
    20                           ; All rights reserved.
    21                           ; 
    22                           ; This software is developed by Microchip Technology Inc. and its subsidiaries ("Microch
      +                          ip").
    23                           ; 
    24                           ; Redistribution and use in source and binary forms, with or without modification, are
    25                           ; permitted provided that the following conditions are met:
    26                           ; 
    27                           ;     1. Redistributions of source code must retain the above copyright notice, this lis
      +                          t of
    28                           ;        conditions and the following disclaimer.
    29                           ; 
    30                           ;     2. Redistributions in binary form must reproduce the above copyright notice, this 
      +                          list
    31                           ;        of conditions and the following disclaimer in the documentation and/or other
    32                           ;        materials provided with the distribution. Publication is not required when
    33                           ;        this file is used in an embedded application.
    34                           ; 
    35                           ;     3. Microchip's name may not be used to endorse or promote products derived from th
      +                          is
    36                           ;        software without specific prior written permission.
    37                           ; 
    38                           ; THIS SOFTWARE IS PROVIDED BY MICROCHIP "AS IS" AND ANY EXPRESS OR IMPLIED WARRANTIES,
    39                           ; INCLUDING, BUT NOT LIMITED TO, THE IMPLIED WARRANTIES OF MERCHANTABILITY AND FITNESS F
      +                          OR
    40                           ; PURPOSE ARE DISCLAIMED.  IN NO EVENT SHALL MICROCHIP BE LIABLE FOR ANY DIRECT, INDIREC
      +                          T,
    41                           ; INCIDENTAL, SPECIAL, EXEMPLARY, OR CONSEQUENTIAL DAMAGES (INCLUDING BUT NOT LIMITED TO
    42                           ; PROCUREMENT OF SUBSTITUTE GOODS OR SERVICES; LOSS OF USE, DATA OR PROFITS; OR BUSINESS
    43                           ; INTERRUPTION) HOWSOEVER CAUSED AND ON ANY THEORY OF LIABILITY, WHETHER IN CONTRACT, ST
      +                          RICT
    44                           ; LIABILITY, OR TORT (INCLUDING NEGLIGENCE OR OTHERWISE) ARISING IN ANY WAY OUT OF THE U
      +                          SE OF
    45                           ; THIS SOFTWARE, EVEN IF ADVISED OF THE POSSIBILITY OF SUCH DAMAGE.
    46                           ; 
    47                           ; 
    48                           ; Code-generator required, PIC18F57Q43 Definitions
    49                           ; 
    50                           ; SFR Addresses
    51   000000                     _TRISD	set	1225
    52   000000                     _TRISC	set	1224
    53   000000                     _TRISB	set	1223
    54   000000                     _LATC	set	1216
    55   000000                     _LATB	set	1215
    56   000000                     _OSCTUNE	set	176
    57   000000                     _OSCFRQ	set	177
    58   000000                     _OSCEN	set	179
    59   000000                     _LATFbits	set	1219
    60   000000                     _PMD0	set	96
    61   000000                     _ACTCON	set	172
    62   000000                     _OSCCON1	set	173
    63   000000                     _OSCCON3	set	175
    64   000000                     _RC4I2C	set	646
    65   000000                     _RC3I2C	set	647
    66   000000                     _RB2I2C	set	648
    67   000000                     _RB1I2C	set	649
    68   000000                     _ANSELA	set	1024
    69   000000                     _ANSELB	set	1032
    70   000000                     _ANSELC	set	1040
    71   000000                     _ANSELD	set	1048
    72   000000                     _LATA	set	1214
    73   000000                     _LATD	set	1217
    74   000000                     _LATE	set	1218
    75   000000                     _PMD3	set	99
    76   000000                     _PMD1	set	97
    77   000000                     _PMD8	set	104
    78   000000                     _PMD7	set	103
    79   000000                     _PMD6	set	102
    80   000000                     _PMD5	set	101
    81   000000                     _PMD4	set	100
    82   000000                     _TRISA	set	1222
    83   000000                     _TRISE	set	1226
    84   000000                     _LATF	set	1219
    85   000000                     _TRISF	set	1227
    86   000000                     _INLVLD	set	1052
    87   000000                     _SLRCOND	set	1051
    88   000000                     _ODCOND	set	1050
    89   000000                     _WPUD	set	1049
    90   000000                     _ANSELE	set	1056
    91   000000                     _INLVLC	set	1044
    92   000000                     _SLRCONC	set	1043
    93   000000                     _ODCONC	set	1042
    94   000000                     _WPUC	set	1041
    95   000000                     _INLVLB	set	1036
    96   000000                     _SLRCONB	set	1035
    97   000000                     _ODCONB	set	1034
    98   000000                     _WPUB	set	1033
    99   000000                     _INLVLE	set	1060
   100   000000                     _SLRCONE	set	1059
   101   000000                     _ODCONE	set	1058
   102   000000                     _WPUE	set	1057
   103   000000                     _ANSELF	set	1064
   104   000000                     _INLVLF	set	1068
   105   000000                     _SLRCONF	set	1067
   106   000000                     _ODCONF	set	1066
   107   000000                     _WPUF	set	1065
   108   000000                     _INLVLA	set	1028
   109   000000                     _SLRCONA	set	1027
   110   000000                     _ODCONA	set	1026
   111   000000                     _WPUA	set	1025
   112                           
   113                           ; #config settings
   114                           
   115                           	psect	cinit
   116   01FECA                     __pcinit:
   117                           	callstack 0
   118   01FECA                     start_initialization:
   119                           	callstack 0
   120   01FECA                     __initialization:
   121                           	callstack 0
   122   01FECA                     end_of_initialization:
   123                           	callstack 0
   124   01FECA                     __end_of__initialization:
   125                           	callstack 0
   126   01FECA  0100               	movlb	0
   127   01FECC  EF8F  F0FF         	goto	_main	;jump to C main() function
   128                           
   129                           	psect	cstackCOMRAM
   130   000501                     __pcstackCOMRAM:
   131                           	callstack 0
   132   000501                     ??_main:
   133                           
   134                           ; 1 bytes @ 0x0
   135   000501                     	ds	1
   136                           
   137 ;;
   138 ;;Main: autosize = 0, tempsize = 1, incstack = 0, save=0
   139 ;;
   140 ;; *************** function _main *****************
   141 ;; Defined at:
   142 ;;		line 49 in file "main.c"
   143 ;; Parameters:    Size  Location     Type
   144 ;;		None
   145 ;; Auto vars:     Size  Location     Type
   146 ;;		None
   147 ;; Return value:  Size  Location     Type
   148 ;;                  1    wreg      void 
   149 ;; Registers used:
   150 ;;		wreg, status,2, status,0, cstack
   151 ;; Tracked objects:
   152 ;;		On entry : 0/0
   153 ;;		On exit  : 0/0
   154 ;;		Unchanged: 0/0
   155 ;; Data sizes:     COMRAM   BANK5   BANK6   BANK7   BANK8   BANK9  BANK10  BANK11  BANK12  BANK13  BANK14  BANK15  BANK1
      +6  BANK17  BANK18  BANK19  BANK20  BANK21  BANK22  BANK23  BANK24  BANK25  BANK26  BANK27  BANK28  BANK29  BANK30  BANK3
      +1  BANK32  BANK33  BANK34  BANK35  BANK36
   156 ;;      Params:         0       0       0       0       0       0       0       0       0       0       0       0       
      +0       0       0       0       0       0       0       0       0       0       0       0       0       0       0       
      +0       0       0       0       0       0
   157 ;;      Locals:         0       0       0       0       0       0       0       0       0       0       0       0       
      +0       0       0       0       0       0       0       0       0       0       0       0       0       0       0       
      +0       0       0       0       0       0
   158 ;;      Temps:          1       0       0       0       0       0       0       0       0       0       0       0       
      +0       0       0       0       0       0       0       0       0       0       0       0       0       0       0       
      +0       0       0       0       0       0
   159 ;;      Totals:         1       0       0       0       0       0       0       0       0       0       0       0       
      +0       0       0       0       0       0       0       0       0       0       0       0       0       0       0       
      +0       0       0       0       0       0
   160 ;;Total ram usage:        1 bytes
   161 ;; Hardware stack levels required when called: 2
   162 ;; This function calls:
   163 ;;		_SYSTEM_Initialize
   164 ;; This function is called by:
   165 ;;		Startup code after reset
   166 ;; This function uses a non-reentrant model
   167 ;;
   168                           
   169                           	psect	text0
   170   01FF1E                     __ptext0:
   171                           	callstack 0
   172   01FF1E                     _main:
   173                           	callstack 125
   174   01FF1E                     
   175                           ;main.c: 52:     SYSTEM_Initialize();
   176   01FF1E  EC68  F0FF         	call	_SYSTEM_Initialize	;wreg free
   177   01FF22                     l879:
   178   01FF22  B6C3               	btfsc	195,3,c	;volatile
   179   01FF24  EF96  F0FF         	goto	u11
   180   01FF28  EF99  F0FF         	goto	u10
   181   01FF2C                     u11:
   182   01FF2C  0E01               	movlw	1
   183   01FF2E  EF9A  F0FF         	goto	u16
   184   01FF32                     u10:
   185   01FF32  0E00               	movlw	0
   186   01FF34                     u16:
   187   01FF34  0AFF               	xorlw	255
   188   01FF36  6E01               	movwf	??_main^(0+1280),c
   189   01FF38  4601               	rlncf	??_main^(0+1280),f,c
   190   01FF3A  4601               	rlncf	??_main^(0+1280),f,c
   191   01FF3C  4601               	rlncf	??_main^(0+1280),f,c
   192   01FF3E  50C3               	movf	195,w,c	;volatile
   193   01FF40  1801               	xorwf	??_main^(0+1280),w,c
   194   01FF42  0BF7               	andlw	-9
   195   01FF44  1801               	xorwf	??_main^(0+1280),w,c
   196   01FF46  6EC3               	movwf	195,c	;volatile
   197   01FF48                     
   198                           ;main.c: 68:         _delay((unsigned long)((500)*(1000000/4000.0)));
   199   01FF48  0EA3               	movlw	163
   200   01FF4A  6E01               	movwf	??_main^(0+1280),c
   201   01FF4C  0E55               	movlw	85
   202   01FF4E                     u27:
   203   01FF4E  2EE8               	decfsz	wreg,f,c
   204   01FF50  D7FE               	bra	u27
   205   01FF52  2E01               	decfsz	??_main^(0+1280),f,c
   206   01FF54  D7FC               	bra	u27
   207   01FF56  F000               	nop	
   208   01FF58  EF91  F0FF         	goto	l879
   209   01FF5C  EFFE  F0FF         	goto	start
   210   01FF60                     __end_of_main:
   211                           	callstack 0
   212                           
   213 ;; *************** function _SYSTEM_Initialize *****************
   214 ;; Defined at:
   215 ;;		line 50 in file "mcc_generated_files/mcc.c"
   216 ;; Parameters:    Size  Location     Type
   217 ;;		None
   218 ;; Auto vars:     Size  Location     Type
   219 ;;		None
   220 ;; Return value:  Size  Location     Type
   221 ;;                  1    wreg      void 
   222 ;; Registers used:
   223 ;;		wreg, status,2, cstack
   224 ;; Tracked objects:
   225 ;;		On entry : 0/0
   226 ;;		On exit  : 0/0
   227 ;;		Unchanged: 0/0
   228 ;; Data sizes:     COMRAM   BANK5   BANK6   BANK7   BANK8   BANK9  BANK10  BANK11  BANK12  BANK13  BANK14  BANK15  BANK1
      +6  BANK17  BANK18  BANK19  BANK20  BANK21  BANK22  BANK23  BANK24  BANK25  BANK26  BANK27  BANK28  BANK29  BANK30  BANK3
      +1  BANK32  BANK33  BANK34  BANK35  BANK36
   229 ;;      Params:         0       0       0       0       0       0       0       0       0       0       0       0       
      +0       0       0       0       0       0       0       0       0       0       0       0       0       0       0       
      +0       0       0       0       0       0
   230 ;;      Locals:         0       0       0       0       0       0       0       0       0       0       0       0       
      +0       0       0       0       0       0       0       0       0       0       0       0       0       0       0       
      +0       0       0       0       0       0
   231 ;;      Temps:          0       0       0       0       0       0       0       0       0       0       0       0       
      +0       0       0       0       0       0       0       0       0       0       0       0       0       0       0       
      +0       0       0       0       0       0
   232 ;;      Totals:         0       0       0       0       0       0       0       0       0       0       0       0       
      +0       0       0       0       0       0       0       0       0       0       0       0       0       0       0       
      +0       0       0       0       0       0
   233 ;;Total ram usage:        0 bytes
   234 ;; Hardware stack levels used: 1
   235 ;; Hardware stack levels required when called: 1
   236 ;; This function calls:
   237 ;;		_OSCILLATOR_Initialize
   238 ;;		_PIN_MANAGER_Initialize
   239 ;;		_PMD_Initialize
   240 ;; This function is called by:
   241 ;;		_main
   242 ;; This function uses a non-reentrant model
   243 ;;
   244                           
   245                           	psect	text1
   246   01FED0                     __ptext1:
   247                           	callstack 0
   248   01FED0                     _SYSTEM_Initialize:
   249                           	callstack 125
   250   01FED0                     
   251                           ;mcc_generated_files/mcc.c: 52:     PMD_Initialize();
   252   01FED0  EC7D  F0FF         	call	_PMD_Initialize	;wreg free
   253                           
   254                           ;mcc_generated_files/mcc.c: 53:     PIN_MANAGER_Initialize();
   255   01FED4  ECB0  F0FF         	call	_PIN_MANAGER_Initialize	;wreg free
   256                           
   257                           ;mcc_generated_files/mcc.c: 54:     OSCILLATOR_Initialize();
   258   01FED8  EC6F  F0FF         	call	_OSCILLATOR_Initialize	;wreg free
   259   01FEDC  0012               	return		;funcret
   260   01FEDE                     __end_of_SYSTEM_Initialize:
   261                           	callstack 0
   262                           
   263 ;; *************** function _PMD_Initialize *****************
   264 ;; Defined at:
   265 ;;		line 73 in file "mcc_generated_files/mcc.c"
   266 ;; Parameters:    Size  Location     Type
   267 ;;		None
   268 ;; Auto vars:     Size  Location     Type
   269 ;;		None
   270 ;; Return value:  Size  Location     Type
   271 ;;                  1    wreg      void 
   272 ;; Registers used:
   273 ;;		wreg, status,2
   274 ;; Tracked objects:
   275 ;;		On entry : 0/0
   276 ;;		On exit  : 0/0
   277 ;;		Unchanged: 0/0
   278 ;; Data sizes:     COMRAM   BANK5   BANK6   BANK7   BANK8   BANK9  BANK10  BANK11  BANK12  BANK13  BANK14  BANK15  BANK1
      +6  BANK17  BANK18  BANK19  BANK20  BANK21  BANK22  BANK23  BANK24  BANK25  BANK26  BANK27  BANK28  BANK29  BANK30  BANK3
      +1  BANK32  BANK33  BANK34  BANK35  BANK36
   279 ;;      Params:         0       0       0       0       0       0       0       0       0       0       0       0       
      +0       0       0       0       0       0       0       0       0       0       0       0       0       0       0       
      +0       0       0       0       0       0
   280 ;;      Locals:         0       0       0       0       0       0       0       0       0       0       0       0       
      +0       0       0       0       0       0       0       0       0       0       0       0       0       0       0       
      +0       0       0       0       0       0
   281 ;;      Temps:          0       0       0       0       0       0       0       0       0       0       0       0       
      +0       0       0       0       0       0       0       0       0       0       0       0       0       0       0       
      +0       0       0       0       0       0
   282 ;;      Totals:         0       0       0       0       0       0       0       0       0       0       0       0       
      +0       0       0       0       0       0       0       0       0       0       0       0       0       0       0       
      +0       0       0       0       0       0
   283 ;;Total ram usage:        0 bytes
   284 ;; Hardware stack levels used: 1
   285 ;; This function calls:
   286 ;;		Nothing
   287 ;; This function is called by:
   288 ;;		_SYSTEM_Initialize
   289 ;; This function uses a non-reentrant model
   290 ;;
   291                           
   292                           	psect	text2
   293   01FEFA                     __ptext2:
   294                           	callstack 0
   295   01FEFA                     _PMD_Initialize:
   296                           	callstack 125
   297   01FEFA                     
   298                           ;mcc_generated_files/mcc.c: 76:     PMD0 = 0x00;
   299   01FEFA  0E00               	movlw	0
   300   01FEFC  0100               	movlb	0	; () banked
   301   01FEFE  6F60               	movwf	96,b	;volatile
   302                           
   303                           ;mcc_generated_files/mcc.c: 78:     PMD1 = 0x00;
   304   01FF00  0E00               	movlw	0
   305   01FF02  6F61               	movwf	97,b	;volatile
   306                           
   307                           ;mcc_generated_files/mcc.c: 80:     PMD3 = 0x00;
   308   01FF04  0E00               	movlw	0
   309   01FF06  6F63               	movwf	99,b	;volatile
   310                           
   311                           ;mcc_generated_files/mcc.c: 82:     PMD4 = 0x00;
   312   01FF08  0E00               	movlw	0
   313   01FF0A  6F64               	movwf	100,b	;volatile
   314                           
   315                           ;mcc_generated_files/mcc.c: 84:     PMD5 = 0x00;
   316   01FF0C  0E00               	movlw	0
   317   01FF0E  6F65               	movwf	101,b	;volatile
   318                           
   319                           ;mcc_generated_files/mcc.c: 86:     PMD6 = 0x00;
   320   01FF10  0E00               	movlw	0
   321   01FF12  6F66               	movwf	102,b	;volatile
   322                           
   323                           ;mcc_generated_files/mcc.c: 88:     PMD7 = 0x00;
   324   01FF14  0E00               	movlw	0
   325   01FF16  6F67               	movwf	103,b	;volatile
   326                           
   327                           ;mcc_generated_files/mcc.c: 90:     PMD8 = 0x00;
   328   01FF18  0E00               	movlw	0
   329   01FF1A  6F68               	movwf	104,b	;volatile
   330   01FF1C                     
   331                           ; BSR set to: 0
   332   01FF1C  0012               	return		;funcret
   333   01FF1E                     __end_of_PMD_Initialize:
   334                           	callstack 0
   335                           
   336 ;; *************** function _PIN_MANAGER_Initialize *****************
   337 ;; Defined at:
   338 ;;		line 55 in file "mcc_generated_files/pin_manager.c"
   339 ;; Parameters:    Size  Location     Type
   340 ;;		None
   341 ;; Auto vars:     Size  Location     Type
   342 ;;		None
   343 ;; Return value:  Size  Location     Type
   344 ;;                  1    wreg      void 
   345 ;; Registers used:
   346 ;;		wreg, status,2
   347 ;; Tracked objects:
   348 ;;		On entry : 0/0
   349 ;;		On exit  : 0/0
   350 ;;		Unchanged: 0/0
   351 ;; Data sizes:     COMRAM   BANK5   BANK6   BANK7   BANK8   BANK9  BANK10  BANK11  BANK12  BANK13  BANK14  BANK15  BANK1
      +6  BANK17  BANK18  BANK19  BANK20  BANK21  BANK22  BANK23  BANK24  BANK25  BANK26  BANK27  BANK28  BANK29  BANK30  BANK3
      +1  BANK32  BANK33  BANK34  BANK35  BANK36
   352 ;;      Params:         0       0       0       0       0       0       0       0       0       0       0       0       
      +0       0       0       0       0       0       0       0       0       0       0       0       0       0       0       
      +0       0       0       0       0       0
   353 ;;      Locals:         0       0       0       0       0       0       0       0       0       0       0       0       
      +0       0       0       0       0       0       0       0       0       0       0       0       0       0       0       
      +0       0       0       0       0       0
   354 ;;      Temps:          0       0       0       0       0       0       0       0       0       0       0       0       
      +0       0       0       0       0       0       0       0       0       0       0       0       0       0       0       
      +0       0       0       0       0       0
   355 ;;      Totals:         0       0       0       0       0       0       0       0       0       0       0       0       
      +0       0       0       0       0       0       0       0       0       0       0       0       0       0       0       
      +0       0       0       0       0       0
   356 ;;Total ram usage:        0 bytes
   357 ;; Hardware stack levels used: 1
   358 ;; This function calls:
   359 ;;		Nothing
   360 ;; This function is called by:
   361 ;;		_SYSTEM_Initialize
   362 ;; This function uses a non-reentrant model
   363 ;;
   364                           
   365                           	psect	text3
   366   01FF60                     __ptext3:
   367                           	callstack 0
   368   01FF60                     _PIN_MANAGER_Initialize:
   369                           	callstack 125
   370   01FF60                     
   371                           ;mcc_generated_files/pin_manager.c: 60:     LATE = 0x00;
   372   01FF60  0E00               	movlw	0
   373   01FF62  6EC2               	movwf	194,c	;volatile
   374                           
   375                           ;mcc_generated_files/pin_manager.c: 61:     LATD = 0x00;
   376   01FF64  0E00               	movlw	0
   377   01FF66  6EC1               	movwf	193,c	;volatile
   378                           
   379                           ;mcc_generated_files/pin_manager.c: 62:     LATA = 0x00;
   380   01FF68  0E00               	movlw	0
   381   01FF6A  6EBE               	movwf	190,c	;volatile
   382                           
   383                           ;mcc_generated_files/pin_manager.c: 63:     LATF = 0x08;
   384   01FF6C  0E08               	movlw	8
   385   01FF6E  6EC3               	movwf	195,c	;volatile
   386                           
   387                           ;mcc_generated_files/pin_manager.c: 64:     LATB = 0x00;
   388   01FF70  0E00               	movlw	0
   389   01FF72  6EBF               	movwf	191,c	;volatile
   390                           
   391                           ;mcc_generated_files/pin_manager.c: 65:     LATC = 0x00;
   392   01FF74  0E00               	movlw	0
   393   01FF76  6EC0               	movwf	192,c	;volatile
   394                           
   395                           ;mcc_generated_files/pin_manager.c: 70:     TRISE = 0x07;
   396   01FF78  0E07               	movlw	7
   397   01FF7A  6ECA               	movwf	202,c	;volatile
   398                           
   399                           ;mcc_generated_files/pin_manager.c: 71:     TRISF = 0xF7;
   400   01FF7C  0EF7               	movlw	247
   401   01FF7E  6ECB               	movwf	203,c	;volatile
   402   01FF80                     
   403                           ;mcc_generated_files/pin_manager.c: 72:     TRISA = 0xFF;
   404   01FF80  68C6               	setf	198,c	;volatile
   405   01FF82                     
   406                           ;mcc_generated_files/pin_manager.c: 73:     TRISB = 0xFF;
   407   01FF82  68C7               	setf	199,c	;volatile
   408   01FF84                     
   409                           ;mcc_generated_files/pin_manager.c: 74:     TRISC = 0xFF;
   410   01FF84  68C8               	setf	200,c	;volatile
   411   01FF86                     
   412                           ;mcc_generated_files/pin_manager.c: 75:     TRISD = 0xFF;
   413   01FF86  68C9               	setf	201,c	;volatile
   414   01FF88                     
   415                           ;mcc_generated_files/pin_manager.c: 80:     ANSELD = 0xFF;
   416   01FF88  0104               	movlb	4	; () banked
   417   01FF8A  6918               	setf	24,b	;volatile
   418   01FF8C                     
   419                           ; BSR set to: 4
   420                           ;mcc_generated_files/pin_manager.c: 81:     ANSELC = 0xFF;
   421   01FF8C  6910               	setf	16,b	;volatile
   422   01FF8E                     
   423                           ; BSR set to: 4
   424                           ;mcc_generated_files/pin_manager.c: 82:     ANSELB = 0xFF;
   425   01FF8E  6908               	setf	8,b	;volatile
   426                           
   427                           ;mcc_generated_files/pin_manager.c: 83:     ANSELE = 0x07;
   428   01FF90  0E07               	movlw	7
   429   01FF92  6F20               	movwf	32,b	;volatile
   430                           
   431                           ;mcc_generated_files/pin_manager.c: 84:     ANSELF = 0xF7;
   432   01FF94  0EF7               	movlw	247
   433   01FF96  6F28               	movwf	40,b	;volatile
   434   01FF98                     
   435                           ; BSR set to: 4
   436                           ;mcc_generated_files/pin_manager.c: 85:     ANSELA = 0xFF;
   437   01FF98  6900               	setf	0,b	;volatile
   438                           
   439                           ;mcc_generated_files/pin_manager.c: 90:     WPUD = 0x00;
   440   01FF9A  0E00               	movlw	0
   441   01FF9C  6F19               	movwf	25,b	;volatile
   442                           
   443                           ;mcc_generated_files/pin_manager.c: 91:     WPUF = 0x08;
   444   01FF9E  0E08               	movlw	8
   445   01FFA0  6F29               	movwf	41,b	;volatile
   446                           
   447                           ;mcc_generated_files/pin_manager.c: 92:     WPUE = 0x00;
   448   01FFA2  0E00               	movlw	0
   449   01FFA4  6F21               	movwf	33,b	;volatile
   450                           
   451                           ;mcc_generated_files/pin_manager.c: 93:     WPUB = 0x00;
   452   01FFA6  0E00               	movlw	0
   453   01FFA8  6F09               	movwf	9,b	;volatile
   454                           
   455                           ;mcc_generated_files/pin_manager.c: 94:     WPUA = 0x00;
   456   01FFAA  0E00               	movlw	0
   457   01FFAC  6F01               	movwf	1,b	;volatile
   458                           
   459                           ;mcc_generated_files/pin_manager.c: 95:     WPUC = 0x00;
   460   01FFAE  0E00               	movlw	0
   461   01FFB0  6F11               	movwf	17,b	;volatile
   462                           
   463                           ;mcc_generated_files/pin_manager.c: 100:     RB1I2C = 0x00;
   464   01FFB2  0E00               	movlw	0
   465   01FFB4  0102               	movlb	2	; () banked
   466   01FFB6  6F89               	movwf	137,b	;volatile
   467                           
   468                           ;mcc_generated_files/pin_manager.c: 101:     RB2I2C = 0x00;
   469   01FFB8  0E00               	movlw	0
   470   01FFBA  6F88               	movwf	136,b	;volatile
   471                           
   472                           ;mcc_generated_files/pin_manager.c: 102:     RC3I2C = 0x00;
   473   01FFBC  0E00               	movlw	0
   474   01FFBE  6F87               	movwf	135,b	;volatile
   475                           
   476                           ;mcc_generated_files/pin_manager.c: 103:     RC4I2C = 0x00;
   477   01FFC0  0E00               	movlw	0
   478   01FFC2  6F86               	movwf	134,b	;volatile
   479                           
   480                           ;mcc_generated_files/pin_manager.c: 108:     ODCONE = 0x00;
   481   01FFC4  0E00               	movlw	0
   482   01FFC6  0104               	movlb	4	; () banked
   483   01FFC8  6F22               	movwf	34,b	;volatile
   484                           
   485                           ;mcc_generated_files/pin_manager.c: 109:     ODCONF = 0x00;
   486   01FFCA  0E00               	movlw	0
   487   01FFCC  6F2A               	movwf	42,b	;volatile
   488                           
   489                           ;mcc_generated_files/pin_manager.c: 110:     ODCONA = 0x00;
   490   01FFCE  0E00               	movlw	0
   491   01FFD0  6F02               	movwf	2,b	;volatile
   492                           
   493                           ;mcc_generated_files/pin_manager.c: 111:     ODCONB = 0x00;
   494   01FFD2  0E00               	movlw	0
   495   01FFD4  6F0A               	movwf	10,b	;volatile
   496                           
   497                           ;mcc_generated_files/pin_manager.c: 112:     ODCONC = 0x00;
   498   01FFD6  0E00               	movlw	0
   499   01FFD8  6F12               	movwf	18,b	;volatile
   500                           
   501                           ;mcc_generated_files/pin_manager.c: 113:     ODCOND = 0x00;
   502   01FFDA  0E00               	movlw	0
   503   01FFDC  6F1A               	movwf	26,b	;volatile
   504   01FFDE                     
   505                           ; BSR set to: 4
   506                           ;mcc_generated_files/pin_manager.c: 118:     SLRCONA = 0xFF;
   507   01FFDE  6903               	setf	3,b	;volatile
   508   01FFE0                     
   509                           ; BSR set to: 4
   510                           ;mcc_generated_files/pin_manager.c: 119:     SLRCONB = 0xFF;
   511   01FFE0  690B               	setf	11,b	;volatile
   512   01FFE2                     
   513                           ; BSR set to: 4
   514                           ;mcc_generated_files/pin_manager.c: 120:     SLRCONC = 0xFF;
   515   01FFE2  6913               	setf	19,b	;volatile
   516   01FFE4                     
   517                           ; BSR set to: 4
   518                           ;mcc_generated_files/pin_manager.c: 121:     SLRCOND = 0xFF;
   519   01FFE4  691B               	setf	27,b	;volatile
   520                           
   521                           ;mcc_generated_files/pin_manager.c: 122:     SLRCONE = 0x07;
   522   01FFE6  0E07               	movlw	7
   523   01FFE8  6F23               	movwf	35,b	;volatile
   524   01FFEA                     
   525                           ; BSR set to: 4
   526                           ;mcc_generated_files/pin_manager.c: 123:     SLRCONF = 0xFF;
   527   01FFEA  692B               	setf	43,b	;volatile
   528   01FFEC                     
   529                           ; BSR set to: 4
   530                           ;mcc_generated_files/pin_manager.c: 128:     INLVLA = 0xFF;
   531   01FFEC  6904               	setf	4,b	;volatile
   532   01FFEE                     
   533                           ; BSR set to: 4
   534                           ;mcc_generated_files/pin_manager.c: 129:     INLVLB = 0xFF;
   535   01FFEE  690C               	setf	12,b	;volatile
   536   01FFF0                     
   537                           ; BSR set to: 4
   538                           ;mcc_generated_files/pin_manager.c: 130:     INLVLC = 0xFF;
   539   01FFF0  6914               	setf	20,b	;volatile
   540   01FFF2                     
   541                           ; BSR set to: 4
   542                           ;mcc_generated_files/pin_manager.c: 131:     INLVLD = 0xFF;
   543   01FFF2  691C               	setf	28,b	;volatile
   544                           
   545                           ;mcc_generated_files/pin_manager.c: 132:     INLVLE = 0x0F;
   546   01FFF4  0E0F               	movlw	15
   547   01FFF6  6F24               	movwf	36,b	;volatile
   548   01FFF8                     
   549                           ; BSR set to: 4
   550                           ;mcc_generated_files/pin_manager.c: 133:     INLVLF = 0xFF;
   551   01FFF8  692C               	setf	44,b	;volatile
   552   01FFFA                     
   553                           ; BSR set to: 4
   554   01FFFA  0012               	return		;funcret
   555   01FFFC                     __end_of_PIN_MANAGER_Initialize:
   556                           	callstack 0
   557                           
   558 ;; *************** function _OSCILLATOR_Initialize *****************
   559 ;; Defined at:
   560 ;;		line 57 in file "mcc_generated_files/mcc.c"
   561 ;; Parameters:    Size  Location     Type
   562 ;;		None
   563 ;; Auto vars:     Size  Location     Type
   564 ;;		None
   565 ;; Return value:  Size  Location     Type
   566 ;;                  1    wreg      void 
   567 ;; Registers used:
   568 ;;		wreg, status,2
   569 ;; Tracked objects:
   570 ;;		On entry : 0/0
   571 ;;		On exit  : 0/0
   572 ;;		Unchanged: 0/0
   573 ;; Data sizes:     COMRAM   BANK5   BANK6   BANK7   BANK8   BANK9  BANK10  BANK11  BANK12  BANK13  BANK14  BANK15  BANK1
      +6  BANK17  BANK18  BANK19  BANK20  BANK21  BANK22  BANK23  BANK24  BANK25  BANK26  BANK27  BANK28  BANK29  BANK30  BANK3
      +1  BANK32  BANK33  BANK34  BANK35  BANK36
   574 ;;      Params:         0       0       0       0       0       0       0       0       0       0       0       0       
      +0       0       0       0       0       0       0       0       0       0       0       0       0       0       0       
      +0       0       0       0       0       0
   575 ;;      Locals:         0       0       0       0       0       0       0       0       0       0       0       0       
      +0       0       0       0       0       0       0       0       0       0       0       0       0       0       0       
      +0       0       0       0       0       0
   576 ;;      Temps:          0       0       0       0       0       0       0       0       0       0       0       0       
      +0       0       0       0       0       0       0       0       0       0       0       0       0       0       0       
      +0       0       0       0       0       0
   577 ;;      Totals:         0       0       0       0       0       0       0       0       0       0       0       0       
      +0       0       0       0       0       0       0       0       0       0       0       0       0       0       0       
      +0       0       0       0       0       0
   578 ;;Total ram usage:        0 bytes
   579 ;; Hardware stack levels used: 1
   580 ;; This function calls:
   581 ;;		Nothing
   582 ;; This function is called by:
   583 ;;		_SYSTEM_Initialize
   584 ;; This function uses a non-reentrant model
   585 ;;
   586                           
   587                           	psect	text4
   588   01FEDE                     __ptext4:
   589                           	callstack 0
   590   01FEDE                     _OSCILLATOR_Initialize:
   591                           	callstack 125
   592   01FEDE                     
   593                           ;mcc_generated_files/mcc.c: 60:     OSCCON1 = 0x62;
   594   01FEDE  0E62               	movlw	98
   595   01FEE0  0100               	movlb	0	; () banked
   596   01FEE2  6FAD               	movwf	173,b	;volatile
   597                           
   598                           ;mcc_generated_files/mcc.c: 62:     OSCCON3 = 0x00;
   599   01FEE4  0E00               	movlw	0
   600   01FEE6  6FAF               	movwf	175,b	;volatile
   601                           
   602                           ;mcc_generated_files/mcc.c: 64:     OSCEN = 0x00;
   603   01FEE8  0E00               	movlw	0
   604   01FEEA  6FB3               	movwf	179,b	;volatile
   605                           
   606                           ;mcc_generated_files/mcc.c: 66:     OSCFRQ = 0x02;
   607   01FEEC  0E02               	movlw	2
   608   01FEEE  6FB1               	movwf	177,b	;volatile
   609                           
   610                           ;mcc_generated_files/mcc.c: 68:     OSCTUNE = 0x00;
   611   01FEF0  0E00               	movlw	0
   612   01FEF2  6FB0               	movwf	176,b	;volatile
   613                           
   614                           ;mcc_generated_files/mcc.c: 70:     ACTCON = 0x00;
   615   01FEF4  0E00               	movlw	0
   616   01FEF6  6FAC               	movwf	172,b	;volatile
   617   01FEF8                     
   618                           ; BSR set to: 0
   619   01FEF8  0012               	return		;funcret
   620   01FEFA                     __end_of_OSCILLATOR_Initialize:
   621                           	callstack 0
   622   000000                     
   623                           	psect	rparam
   624   000000                     
   625                           	psect	idloc
   626                           
   627                           ;Config register IDLOC0 @ 0x200000
   628                           ;	unspecified, using default values
   629   200000                     	org	2097152
   630   200000  0FFF               	dw	4095
   631                           
   632                           ;Config register IDLOC1 @ 0x200002
   633                           ;	unspecified, using default values
   634   200002                     	org	2097154
   635   200002  0FFF               	dw	4095
   636                           
   637                           ;Config register IDLOC2 @ 0x200004
   638                           ;	unspecified, using default values
   639   200004                     	org	2097156
   640   200004  0FFF               	dw	4095
   641                           
   642                           ;Config register IDLOC3 @ 0x200006
   643                           ;	unspecified, using default values
   644   200006                     	org	2097158
   645   200006  0FFF               	dw	4095
   646                           
   647                           ;Config register IDLOC4 @ 0x200008
   648                           ;	unspecified, using default values
   649   200008                     	org	2097160
   650   200008  0FFF               	dw	4095
   651                           
   652                           ;Config register IDLOC5 @ 0x20000A
   653                           ;	unspecified, using default values
   654   20000A                     	org	2097162
   655   20000A  0FFF               	dw	4095
   656                           
   657                           ;Config register IDLOC6 @ 0x20000C
   658                           ;	unspecified, using default values
   659   20000C                     	org	2097164
   660   20000C  0FFF               	dw	4095
   661                           
   662                           ;Config register IDLOC7 @ 0x20000E
   663                           ;	unspecified, using default values
   664   20000E                     	org	2097166
   665   20000E  0FFF               	dw	4095
   666                           
   667                           ;Config register IDLOC8 @ 0x200010
   668                           ;	unspecified, using default values
   669   200010                     	org	2097168
   670   200010  0FFF               	dw	4095
   671                           
   672                           ;Config register IDLOC9 @ 0x200012
   673                           ;	unspecified, using default values
   674   200012                     	org	2097170
   675   200012  0FFF               	dw	4095
   676                           
   677                           ;Config register IDLOC10 @ 0x200014
   678                           ;	unspecified, using default values
   679   200014                     	org	2097172
   680   200014  0FFF               	dw	4095
   681                           
   682                           ;Config register IDLOC11 @ 0x200016
   683                           ;	unspecified, using default values
   684   200016                     	org	2097174
   685   200016  0FFF               	dw	4095
   686                           
   687                           ;Config register IDLOC12 @ 0x200018
   688                           ;	unspecified, using default values
   689   200018                     	org	2097176
   690   200018  0FFF               	dw	4095
   691                           
   692                           ;Config register IDLOC13 @ 0x20001A
   693                           ;	unspecified, using default values
   694   20001A                     	org	2097178
   695   20001A  0FFF               	dw	4095
   696                           
   697                           ;Config register IDLOC14 @ 0x20001C
   698                           ;	unspecified, using default values
   699   20001C                     	org	2097180
   700   20001C  0FFF               	dw	4095
   701                           
   702                           ;Config register IDLOC15 @ 0x20001E
   703                           ;	unspecified, using default values
   704   20001E                     	org	2097182
   705   20001E  0FFF               	dw	4095
   706                           
   707                           ;Config register IDLOC16 @ 0x200020
   708                           ;	unspecified, using default values
   709   200020                     	org	2097184
   710   200020  0FFF               	dw	4095
   711                           
   712                           ;Config register IDLOC17 @ 0x200022
   713                           ;	unspecified, using default values
   714   200022                     	org	2097186
   715   200022  0FFF               	dw	4095
   716                           
   717                           ;Config register IDLOC18 @ 0x200024
   718                           ;	unspecified, using default values
   719   200024                     	org	2097188
   720   200024  0FFF               	dw	4095
   721                           
   722                           ;Config register IDLOC19 @ 0x200026
   723                           ;	unspecified, using default values
   724   200026                     	org	2097190
   725   200026  0FFF               	dw	4095
   726                           
   727                           ;Config register IDLOC20 @ 0x200028
   728                           ;	unspecified, using default values
   729   200028                     	org	2097192
   730   200028  0FFF               	dw	4095
   731                           
   732                           ;Config register IDLOC21 @ 0x20002A
   733                           ;	unspecified, using default values
   734   20002A                     	org	2097194
   735   20002A  0FFF               	dw	4095
   736                           
   737                           ;Config register IDLOC22 @ 0x20002C
   738                           ;	unspecified, using default values
   739   20002C                     	org	2097196
   740   20002C  0FFF               	dw	4095
   741                           
   742                           ;Config register IDLOC23 @ 0x20002E
   743                           ;	unspecified, using default values
   744   20002E                     	org	2097198
   745   20002E  0FFF               	dw	4095
   746                           
   747                           ;Config register IDLOC24 @ 0x200030
   748                           ;	unspecified, using default values
   749   200030                     	org	2097200
   750   200030  0FFF               	dw	4095
   751                           
   752                           ;Config register IDLOC25 @ 0x200032
   753                           ;	unspecified, using default values
   754   200032                     	org	2097202
   755   200032  0FFF               	dw	4095
   756                           
   757                           ;Config register IDLOC26 @ 0x200034
   758                           ;	unspecified, using default values
   759   200034                     	org	2097204
   760   200034  0FFF               	dw	4095
   761                           
   762                           ;Config register IDLOC27 @ 0x200036
   763                           ;	unspecified, using default values
   764   200036                     	org	2097206
   765   200036  0FFF               	dw	4095
   766                           
   767                           ;Config register IDLOC28 @ 0x200038
   768                           ;	unspecified, using default values
   769   200038                     	org	2097208
   770   200038  0FFF               	dw	4095
   771                           
   772                           ;Config register IDLOC29 @ 0x20003A
   773                           ;	unspecified, using default values
   774   20003A                     	org	2097210
   775   20003A  0FFF               	dw	4095
   776                           
   777                           ;Config register IDLOC30 @ 0x20003C
   778                           ;	unspecified, using default values
   779   20003C                     	org	2097212
   780   20003C  0FFF               	dw	4095
   781                           
   782                           ;Config register IDLOC31 @ 0x20003E
   783                           ;	unspecified, using default values
   784   20003E                     	org	2097214
   785   20003E  0FFF               	dw	4095
   786                           
   787                           	psect	config
   788                           
   789                           ;Config register CONFIG1 @ 0x300000
   790                           ;	External Oscillator Selection
   791                           ;	FEXTOSC = OFF, Oscillator not enabled
   792                           ;	Reset Oscillator Selection
   793                           ;	RSTOSC = HFINTOSC_1MHZ, HFINTOSC with HFFRQ = 4 MHz and CDIV = 4:1
   794   300000                     	org	3145728
   795   300000  EC                 	db	236
   796                           
   797                           ;Config register CONFIG2 @ 0x300001
   798                           ;	Clock out Enable bit
   799                           ;	CLKOUTEN = OFF, CLKOUT function is disabled
   800                           ;	PRLOCKED One-Way Set Enable bit
   801                           ;	PR1WAY = ON, PRLOCKED bit can be cleared and set only once
   802                           ;	Clock Switch Enable bit
   803                           ;	CSWEN = ON, Writing to NOSC and NDIV is allowed
   804                           ;	Fail-Safe Clock Monitor Enable bit
   805                           ;	FCMEN = ON, Fail-Safe Clock Monitor enabled
   806   300001                     	org	3145729
   807   300001  FF                 	db	255
   808                           
   809                           ;Config register CONFIG3 @ 0x300002
   810                           ;	MCLR Enable bit
   811                           ;	MCLRE = EXTMCLR, If LVP = 0, MCLR pin is MCLR; If LVP = 1, RE3 pin function is MCLR
   812                           ;	Power-up timer selection bits
   813                           ;	PWRTS = PWRT_OFF, PWRT is disabled
   814                           ;	Multi-vector enable bit
   815                           ;	MVECEN = OFF, Interrupt contoller does not use vector table to prioritze interrupts
   816                           ;	IVTLOCK bit One-way set enable bit
   817                           ;	IVT1WAY = ON, IVTLOCKED bit can be cleared and set only once
   818                           ;	Low Power BOR Enable bit
   819                           ;	LPBOREN = OFF, Low-Power BOR disabled
   820                           ;	Brown-out Reset Enable bits
   821                           ;	BOREN = SBORDIS, Brown-out Reset enabled , SBOREN bit is ignored
   822   300002                     	org	3145730
   823   300002  F7                 	db	247
   824                           
   825                           ;Config register CONFIG4 @ 0x300003
   826                           ;	Brown-out Reset Voltage Selection bits
   827                           ;	BORV = VBOR_1P9, Brown-out Reset Voltage (VBOR) set to 1.9V
   828                           ;	ZCD Disable bit
   829                           ;	ZCD = OFF, ZCD module is disabled. ZCD can be enabled by setting the ZCDSEN bit of ZCD
      +                          CON
   830                           ;	PPSLOCK bit One-Way Set Enable bit
   831                           ;	PPS1WAY = ON, PPSLOCKED bit can be cleared and set only once; PPS registers remain loc
      +                          ked after one clear/set cycle
   832                           ;	Stack Full/Underflow Reset Enable bit
   833                           ;	STVREN = ON, Stack full/underflow will cause Reset
   834                           ;	Low Voltage Programming Enable bit
   835                           ;	LVP = ON, Low voltage programming enabled. MCLR/VPP pin function is MCLR. MCLRE config
      +                          uration bit is ignored
   836                           ;	Extended Instruction Set Enable bit
   837                           ;	XINST = OFF, Extended Instruction Set and Indexed Addressing Mode disabled
   838   300003                     	org	3145731
   839   300003  FF                 	db	255
   840                           
   841                           ;Config register CONFIG5 @ 0x300004
   842                           ;	WDT Period selection bits
   843                           ;	WDTCPS = WDTCPS_31, Divider ratio 1:65536; software control of WDTPS
   844                           ;	WDT operating mode
   845                           ;	WDTE = OFF, WDT Disabled; SWDTEN is ignored
   846   300004                     	org	3145732
   847   300004  9F                 	db	159
   848                           
   849                           ;Config register CONFIG6 @ 0x300005
   850                           ;	WDT Window Select bits
   851                           ;	WDTCWS = WDTCWS_7, window always open (100%); software control; keyed access not requi
      +                          red
   852                           ;	WDT input clock selector
   853                           ;	WDTCCS = SC, Software Control
   854   300005                     	org	3145733
   855   300005  FF                 	db	255
   856                           
   857                           ;Config register CONFIG7 @ 0x300006
   858                           ;	Boot Block Size selection bits
   859                           ;	BBSIZE = BBSIZE_512, Boot Block size is 512 words
   860                           ;	Boot Block enable bit
   861                           ;	BBEN = OFF, Boot block disabled
   862                           ;	Storage Area Flash enable bit
   863                           ;	SAFEN = OFF, SAF disabled
   864                           ;	Background Debugger
   865                           ;	DEBUG = OFF, Background Debugger disabled
   866   300006                     	org	3145734
   867   300006  FF                 	db	255
   868                           
   869                           ;Config register CONFIG8 @ 0x300007
   870                           ;	Boot Block Write Protection bit
   871                           ;	WRTB = OFF, Boot Block not Write protected
   872                           ;	Configuration Register Write Protection bit
   873                           ;	WRTC = OFF, Configuration registers not Write protected
   874                           ;	Data EEPROM Write Protection bit
   875                           ;	WRTD = OFF, Data EEPROM not Write protected
   876                           ;	SAF Write protection bit
   877                           ;	WRTSAF = OFF, SAF not Write Protected
   878                           ;	Application Block write protection bit
   879                           ;	WRTAPP = OFF, Application Block not write protected
   880   300007                     	org	3145735
   881   300007  FF                 	db	255
   882                           
   883                           ; Padding undefined space
   884   300008                     	org	3145736
   885   300008  FF                 	db	255
   886                           
   887                           ;Config register CONFIG10 @ 0x300009
   888                           ;	PFM and Data EEPROM Code Protection bit
   889                           ;	CP = OFF, PFM and Data EEPROM code protection disabled
   890   300009                     	org	3145737
   891   300009  FF                 	db	255
   892                           tosu	equ	0x4FF
   893                           tosh	equ	0x4FE
   894                           tosl	equ	0x4FD
   895                           stkptr	equ	0x4FC
   896                           pclatu	equ	0x4FB
   897                           pclath	equ	0x4FA
   898                           pcl	equ	0x4F9
   899                           tblptru	equ	0x4F8
   900                           tblptrh	equ	0x4F7
   901                           tblptrl	equ	0x4F6
   902                           tablat	equ	0x4F5
   903                           prodh	equ	0x4F4
   904                           prodl	equ	0x4F3
   905                           indf0	equ	0x4EF
   906                           postinc0	equ	0x4EE
   907                           postdec0	equ	0x4ED
   908                           preinc0	equ	0x4EC
   909                           plusw0	equ	0x4EB
   910                           fsr0h	equ	0x4EA
   911                           fsr0l	equ	0x4E9
   912                           wreg	equ	0x4E8
   913                           indf1	equ	0x4E7
   914                           postinc1	equ	0x4E6
   915                           postdec1	equ	0x4E5
   916                           preinc1	equ	0x4E4
   917                           plusw1	equ	0x4E3
   918                           fsr1h	equ	0x4E2
   919                           fsr1l	equ	0x4E1
   920                           bsr	equ	0x4E0
   921                           indf2	equ	0x4DF
   922                           postinc2	equ	0x4DE
   923                           postdec2	equ	0x4DD
   924                           preinc2	equ	0x4DC
   925                           plusw2	equ	0x4DB
   926                           fsr2h	equ	0x4DA
   927                           fsr2l	equ	0x4D9
   928                           status	equ	0x4D8

Data Sizes:
    Strings     0
    Constant    0
    Data        0
    BSS         0
    Persistent  0
    Stack       0

Auto Spaces:
    Space          Size  Autos    Used
    COMRAM           95      1       1
    BANK5           160      0       0
    BANK6           256      0       0
    BANK7           256      0       0
    BANK8           256      0       0
    BANK9           256      0       0
    BANK10          256      0       0
    BANK11          256      0       0
    BANK12          256      0       0
    BANK13          256      0       0
    BANK14          256      0       0
    BANK15          256      0       0
    BANK16          256      0       0
    BANK17          256      0       0
    BANK18          256      0       0
    BANK19          256      0       0
    BANK20          256      0       0
    BANK21          256      0       0
    BANK22          256      0       0
    BANK23          256      0       0
    BANK24          256      0       0
    BANK25          256      0       0
    BANK26          256      0       0
    BANK27          256      0       0
    BANK28          256      0       0
    BANK29          256      0       0
    BANK30          256      0       0
    BANK31          256      0       0
    BANK32          256      0       0
    BANK33          256      0       0
    BANK34          256      0       0
    BANK35          256      0       0
    BANK36          256      0       0

Pointer List with Targets:

    None.

Critical Paths under _main in COMRAM

    None.

Critical Paths under _main in BANK5

    None.

Critical Paths under _main in BANK6

    None.

Critical Paths under _main in BANK7

    None.

Critical Paths under _main in BANK8

    None.

Critical Paths under _main in BANK9

    None.

Critical Paths under _main in BANK10

    None.

Critical Paths under _main in BANK11

    None.

Critical Paths under _main in BANK12

    None.

Critical Paths under _main in BANK13

    None.

Critical Paths under _main in BANK14

    None.

Critical Paths under _main in BANK15

    None.

Critical Paths under _main in BANK16

    None.

Critical Paths under _main in BANK17

    None.

Critical Paths under _main in BANK18

    None.

Critical Paths under _main in BANK19

    None.

Critical Paths under _main in BANK20

    None.

Critical Paths under _main in BANK21

    None.

Critical Paths under _main in BANK22

    None.

Critical Paths under _main in BANK23

    None.

Critical Paths under _main in BANK24

    None.

Critical Paths under _main in BANK25

    None.

Critical Paths under _main in BANK26

    None.

Critical Paths under _main in BANK27

    None.

Critical Paths under _main in BANK28

    None.

Critical Paths under _main in BANK29

    None.

Critical Paths under _main in BANK30

    None.

Critical Paths under _main in BANK31

    None.

Critical Paths under _main in BANK32

    None.

Critical Paths under _main in BANK33

    None.

Critical Paths under _main in BANK34

    None.

Critical Paths under _main in BANK35

    None.

Critical Paths under _main in BANK36

    None.

Call Graph Tables:

 ---------------------------------------------------------------------------------
 (Depth) Function   	        Calls       Base Space   Used Autos Params    Refs
 ---------------------------------------------------------------------------------
 (0) _main                                                 1     1      0       0
                                              0 COMRAM     1     1      0
                  _SYSTEM_Initialize
 ---------------------------------------------------------------------------------
 (1) _SYSTEM_Initialize                                    0     0      0       0
              _OSCILLATOR_Initialize
             _PIN_MANAGER_Initialize
                     _PMD_Initialize
 ---------------------------------------------------------------------------------
 (2) _PMD_Initialize                                       0     0      0       0
 ---------------------------------------------------------------------------------
 (2) _PIN_MANAGER_Initialize                               0     0      0       0
 ---------------------------------------------------------------------------------
 (2) _OSCILLATOR_Initialize                                0     0      0       0
 ---------------------------------------------------------------------------------
 Estimated maximum stack depth 2
 ---------------------------------------------------------------------------------

 Call Graph Graphs:

 _main (ROOT)
   _SYSTEM_Initialize
     _OSCILLATOR_Initialize
     _PIN_MANAGER_Initialize
     _PMD_Initialize

 Address spaces:
Name               Size   Autos  Total    Cost      Usage
BITCOMRAM           5F      0       0       0        0.0%
EEDATA             400      0       0       0        0.0%
NULL                 0      0       0       0        0.0%
CODE                 0      0       0       0        0.0%
COMRAM              5F      1       1       1        1.1%
STACK                0      0       0       2        0.0%
DATA                 0      0       0       3        0.0%
BITBANK5            A0      0       0       4        0.0%
BANK5               A0      0       0       5        0.0%
BITBANK6           100      0       0       6        0.0%
BANK6              100      0       0       7        0.0%
BITBANK7           100      0       0       8        0.0%
BANK7              100      0       0       9        0.0%
BITBANK8           100      0       0      10        0.0%
BANK8              100      0       0      11        0.0%
BITBANK9           100      0       0      12        0.0%
BANK9              100      0       0      13        0.0%
BITBANK10          100      0       0      14        0.0%
BANK10             100      0       0      15        0.0%
BITBANK11          100      0       0      16        0.0%
BANK11             100      0       0      17        0.0%
BITBANK12          100      0       0      18        0.0%
BANK12             100      0       0      19        0.0%
BITBANK13          100      0       0      20        0.0%
BANK13             100      0       0      21        0.0%
BITBANK14          100      0       0      22        0.0%
BANK14             100      0       0      23        0.0%
BITBANK15          100      0       0      24        0.0%
BANK15             100      0       0      25        0.0%
BITBANK16          100      0       0      26        0.0%
BANK16             100      0       0      27        0.0%
BITBANK17          100      0       0      28        0.0%
BANK17             100      0       0      29        0.0%
BITBANK18          100      0       0      30        0.0%
BANK18             100      0       0      31        0.0%
BITBANK19          100      0       0      32        0.0%
BANK19             100      0       0      33        0.0%
BITBANK20          100      0       0      34        0.0%
BANK20             100      0       0      35        0.0%
BITBANK21          100      0       0      36        0.0%
BANK21             100      0       0      37        0.0%
BITBANK22          100      0       0      38        0.0%
BANK22             100      0       0      39        0.0%
BITBANK23          100      0       0      40        0.0%
BANK23             100      0       0      41        0.0%
BITBANK24          100      0       0      42        0.0%
BANK24             100      0       0      43        0.0%
ABS                  0      0       0      44        0.0%
BITBANK25          100      0       0      45        0.0%
BANK25             100      0       0      46        0.0%
BITBANK26          100      0       0      47        0.0%
BANK26             100      0       0      48        0.0%
BITBANK27          100      0       0      49        0.0%
BANK27             100      0       0      50        0.0%
BITBANK28          100      0       0      51        0.0%
BANK28             100      0       0      52        0.0%
BITBANK29          100      0       0      53        0.0%
BANK29             100      0       0      54        0.0%
BITBANK30          100      0       0      55        0.0%
BANK30             100      0       0      56        0.0%
BITBANK31          100      0       0      57        0.0%
BANK31             100      0       0      58        0.0%
BITBANK32          100      0       0      59        0.0%
BANK32             100      0       0      60        0.0%
BITBANK33          100      0       0      61        0.0%
BANK33             100      0       0      62        0.0%
BITBANK34          100      0       0      63        0.0%
BANK34             100      0       0      64        0.0%
BITBANK35          100      0       0      65        0.0%
BANK35             100      0       0      66        0.0%
BITBANK36          100      0       0      67        0.0%
BANK36             100      0       0      68        0.0%
BITBIGSFR_1        100      0       0      69        0.0%
BIGRAM            1FFF      0       0      70        0.0%
BITBIGSFRhhhhh      34      0       0      71        0.0%
BITBIGSFRhhhhll      2      0       0      72        0.0%
BITBIGSFRhhhllh     91      0       0      73        0.0%
BITBIGSFRhhhllh      3      0       0      74        0.0%
BITBIGSFRhhhllh      3      0       0      75        0.0%
BITBIGSFRhhhlll      3      0       0      76        0.0%
BITBIGSFRhhhlll      3      0       0      77        0.0%
BITBIGSFRhhhlll      3      0       0      78        0.0%
BITBIGSFRhhhlll    176      0       0      79        0.0%
BITBIGSFRhhhlll    1D2      0       0      80        0.0%
BITBIGSFRhhlh        1      0       0      81        0.0%
BITBIGSFRhl          1      0       0      82        0.0%
BITBIGSFRlhh        43      0       0      83        0.0%
BITBIGSFRlhl         1      0       0      84        0.0%
BITBIGSFRll         60      0       0      85        0.0%
BIGSFR_1             0      0       0     200        0.0%
BIGSFR               0      0       0     200        0.0%
BITSFR_6             0      0       0     200        0.0%
SFR_6                0      0       0     200        0.0%
BITSFR_5             0      0       0     200        0.0%
SFR_5                0      0       0     200        0.0%
BITSFR_4             0      0       0     200        0.0%
SFR_4                0      0       0     200        0.0%
BITSFR_3             0      0       0     200        0.0%
SFR_3                0      0       0     200        0.0%
BITSFR_2             0      0       0     200        0.0%
SFR_2                0      0       0     200        0.0%
BITSFR_1             0      0       0     200        0.0%
SFR_1                0      0       0     200        0.0%
BITSFR               0      0       0     200        0.0%
SFR                  0      0       0     200        0.0%


Microchip Technology PIC18 Macro Assembler V2.40 build 20220703182018 
Symbol Table                                                                                   Mon Nov 07 13:58:57 2022

                            l40 FEF8                              l43 FF1C                              l37 FEDC  
                            u10 FF32                              u11 FF2C                              u16 FF34  
                            u27 FF4E                             l138 FFFA                             l841 FF84  
                           l833 FEFA                             l851 FF98                             l843 FF86  
                           l835 FF60                             l861 FFEA                             l853 FFDE  
                           l845 FF88                             l837 FF80                             l871 FFF8  
                           l863 FFEC                             l855 FFE0                             l847 FF8C  
                           l839 FF82                             l873 FEDE                             l865 FFEE  
                           l857 FFE2                             l849 FF8E                             l881 FF48  
                           l867 FFF0                             l859 FFE4                             l875 FED0  
                           l869 FFF2                             l877 FF1E                             l879 FF22  
                           wreg 0004E8                            _LATA 0004BE                            _LATB 0004BF  
                          _LATC 0004C0                            _LATD 0004C1                            _LATE 0004C2  
                          _LATF 0004C3                            _PMD0 000060                            _PMD1 000061  
                          _PMD3 000063                            _PMD4 000064                            _PMD5 000065  
                          _PMD6 000066                            _PMD7 000067                            _PMD8 000068  
                          _WPUA 000401                            _WPUB 000409                            _WPUC 000411  
                          _WPUD 000419                            _WPUE 000421                            _WPUF 000429  
                          _main FF1E                            start FFFC                    ___param_bank 000000  
 __end_of_OSCILLATOR_Initialize FEFA                           ?_main 0501                           _OSCEN 0000B3  
                         _TRISA 0004C6                           _TRISB 0004C7                           _TRISC 0004C8  
                         _TRISD 0004C9                           _TRISE 0004CA                           _TRISF 0004CB  
               __initialization FECA                    __end_of_main FF60                          ??_main 0501  
                 __activetblptr 000000                          _ACTCON 0000AC                          _ANSELA 000400  
                        _ANSELB 000408                          _ANSELC 000410                          _ANSELD 000418  
                        _ANSELE 000420                          _ANSELF 000428                          _RB1I2C 000289  
                        _RB2I2C 000288                          _RC3I2C 000287                          _RC4I2C 000286  
                        _ODCONA 000402                          _ODCONB 00040A                          _ODCONC 000412  
                        _ODCOND 00041A                          _ODCONE 000422                          _ODCONF 00042A  
                        _INLVLA 000404                          _INLVLB 00040C                          _INLVLC 000414  
                        _INLVLD 00041C                          _INLVLE 000424                          _INLVLF 00042C  
                        _OSCFRQ 0000B1                          isa$std 000001                  _PMD_Initialize FEFA  
             _SYSTEM_Initialize FED0                      __accesstop 0560         __end_of__initialization FECA  
            ?_SYSTEM_Initialize 0501                   ___rparam_used 000001                  __pcstackCOMRAM 0501  
           ??_SYSTEM_Initialize 0501          __end_of_PMD_Initialize FF1E       __end_of_SYSTEM_Initialize FEDE  
               ?_PMD_Initialize 0501                         _OSCCON1 0000AD                         _OSCCON3 0000AF  
                       _OSCTUNE 0000B0                         _SLRCONA 000403                         _SLRCONB 00040B  
                       _SLRCONC 000413                         _SLRCOND 00041B                         _SLRCONE 000423  
                       _SLRCONF 00042B                         __Hparam 0000                         __Lparam 0000  
                       __pcinit FECA                         __ramtop 2600                         __ptext0 FF1E  
                       __ptext1 FED0                         __ptext2 FEFA                         __ptext3 FF60  
                       __ptext4 FEDE           _OSCILLATOR_Initialize FEDE        ??_PIN_MANAGER_Initialize 0501  
          end_of_initialization FECA          ?_OSCILLATOR_Initialize 0501             start_initialization FECA  
              ??_PMD_Initialize 0501          _PIN_MANAGER_Initialize FF60                        _LATFbits 0004C3  
                      __Hrparam 0000                        __Lrparam 0000         ??_OSCILLATOR_Initialize 0501  
                      isa$xinst 000000         ?_PIN_MANAGER_Initialize 0501  __end_of_PIN_MANAGER_Initialize FFFC  
