

Microchip MPLAB XC8 Assembler V2.40 build 20220703182018 
                                                                                               Sat Nov 12 14:26:34 2022

Microchip MPLAB XC8 C Compiler v2.40 (Free license) build 20220703182018 Og1 
     1                           	processor	18F57Q43
     2                           	fnconf	rparam,??,?,0
     3                           	pagewidth 120
     4                           	opt	flic
     5                           	psect	cinit,global,reloc=2,class=CODE,delta=1
     6                           	psect	cstackCOMRAM,global,class=COMRAM,space=1,delta=1,lowdata,noexec
     7                           	psect	text0,global,reloc=2,class=CODE,delta=1
     8                           	psect	text1,global,reloc=2,class=CODE,delta=1
     9                           	psect	text2,global,reloc=2,class=CODE,delta=1
    10                           	psect	text3,global,reloc=2,class=CODE,delta=1
    11                           	psect	text4,global,reloc=2,class=CODE,delta=1
    12                           	psect	intsave_regs,global,class=BIGRAM,space=1,delta=1,noexec
    13                           	psect	rparam,global,class=COMRAM,space=1,delta=1,noexec
    14                           	psect	idloc,global,abs,ovrld,class=IDLOC,space=5,delta=1,noexec
    15                           	psect	config,global,abs,ovrld,class=CONFIG,space=4,delta=1,noexec
    16   000000                     
    17                           ; Generated 17/06/2022 GMT
    18                           ; 
    19                           ; Copyright © 2022, Microchip Technology Inc. and its subsidiaries ("Microchip")
    20                           ; All rights reserved.
    21                           ; 
    22                           ; This software is developed by Microchip Technology Inc. and its subsidiaries ("Microch
      +                          ip").
    23                           ; 
    24                           ; Redistribution and use in source and binary forms, with or without modification, are
    25                           ; permitted provided that the following conditions are met:
    26                           ; 
    27                           ;     1. Redistributions of source code must retain the above copyright notice, this lis
      +                          t of
    28                           ;        conditions and the following disclaimer.
    29                           ; 
    30                           ;     2. Redistributions in binary form must reproduce the above copyright notice, this 
      +                          list
    31                           ;        of conditions and the following disclaimer in the documentation and/or other
    32                           ;        materials provided with the distribution. Publication is not required when
    33                           ;        this file is used in an embedded application.
    34                           ; 
    35                           ;     3. Microchip's name may not be used to endorse or promote products derived from th
      +                          is
    36                           ;        software without specific prior written permission.
    37                           ; 
    38                           ; THIS SOFTWARE IS PROVIDED BY MICROCHIP "AS IS" AND ANY EXPRESS OR IMPLIED WARRANTIES,
    39                           ; INCLUDING, BUT NOT LIMITED TO, THE IMPLIED WARRANTIES OF MERCHANTABILITY AND FITNESS F
      +                          OR
    40                           ; PURPOSE ARE DISCLAIMED.  IN NO EVENT SHALL MICROCHIP BE LIABLE FOR ANY DIRECT, INDIREC
      +                          T,
    41                           ; INCIDENTAL, SPECIAL, EXEMPLARY, OR CONSEQUENTIAL DAMAGES (INCLUDING BUT NOT LIMITED TO
    42                           ; PROCUREMENT OF SUBSTITUTE GOODS OR SERVICES; LOSS OF USE, DATA OR PROFITS; OR BUSINESS
    43                           ; INTERRUPTION) HOWSOEVER CAUSED AND ON ANY THEORY OF LIABILITY, WHETHER IN CONTRACT, ST
      +                          RICT
    44                           ; LIABILITY, OR TORT (INCLUDING NEGLIGENCE OR OTHERWISE) ARISING IN ANY WAY OUT OF THE U
      +                          SE OF
    45                           ; THIS SOFTWARE, EVEN IF ADVISED OF THE POSSIBILITY OF SUCH DAMAGE.
    46                           ; 
    47                           ; 
    48                           ; Code-generator required, PIC18F57Q43 Definitions
    49                           ; 
    50                           ; SFR Addresses
    51   000000                     _TRISD	set	1225
    52   000000                     _TRISC	set	1224
    53   000000                     _TRISB	set	1223
    54   000000                     _LATB	set	1215
    55   000000                     _LATD	set	1217
    56   000000                     _LATE	set	1218
    57   000000                     _OSCTUNE	set	176
    58   000000                     _OSCFRQ	set	177
    59   000000                     _OSCEN	set	179
    60   000000                     _LATC	set	1216
    61   000000                     _PMD0	set	96
    62   000000                     _ACTCON	set	172
    63   000000                     _OSCCON1	set	173
    64   000000                     _LATCbits	set	1216
    65   000000                     _OSCCON3	set	175
    66   000000                     _RC4I2C	set	646
    67   000000                     _RC3I2C	set	647
    68   000000                     _RB2I2C	set	648
    69   000000                     _RB1I2C	set	649
    70   000000                     _ANSELA	set	1024
    71   000000                     _ANSELB	set	1032
    72   000000                     _ANSELC	set	1040
    73   000000                     _ANSELD	set	1048
    74   000000                     _LATA	set	1214
    75   000000                     _PMD3	set	99
    76   000000                     _PMD1	set	97
    77   000000                     _PMD8	set	104
    78   000000                     _PMD7	set	103
    79   000000                     _PMD6	set	102
    80   000000                     _PMD5	set	101
    81   000000                     _PMD4	set	100
    82   000000                     _TRISA	set	1222
    83   000000                     _TRISE	set	1226
    84   000000                     _LATF	set	1219
    85   000000                     _TRISF	set	1227
    86   000000                     _INLVLD	set	1052
    87   000000                     _SLRCOND	set	1051
    88   000000                     _ODCOND	set	1050
    89   000000                     _WPUD	set	1049
    90   000000                     _ANSELE	set	1056
    91   000000                     _INLVLC	set	1044
    92   000000                     _SLRCONC	set	1043
    93   000000                     _ODCONC	set	1042
    94   000000                     _WPUC	set	1041
    95   000000                     _INLVLB	set	1036
    96   000000                     _SLRCONB	set	1035
    97   000000                     _ODCONB	set	1034
    98   000000                     _WPUB	set	1033
    99   000000                     _INLVLE	set	1060
   100   000000                     _SLRCONE	set	1059
   101   000000                     _ODCONE	set	1058
   102   000000                     _WPUE	set	1057
   103   000000                     _ANSELF	set	1064
   104   000000                     _INLVLF	set	1068
   105   000000                     _SLRCONF	set	1067
   106   000000                     _ODCONF	set	1066
   107   000000                     _WPUF	set	1065
   108   000000                     _INLVLA	set	1028
   109   000000                     _SLRCONA	set	1027
   110   000000                     _ODCONA	set	1026
   111   000000                     _WPUA	set	1025
   112                           
   113                           ; #config settings
   114                           
   115                           	psect	cinit
   116   01FE18                     __pcinit:
   117                           	callstack 0
   118   01FE18                     start_initialization:
   119                           	callstack 0
   120   01FE18                     __initialization:
   121                           	callstack 0
   122   01FE18                     end_of_initialization:
   123                           	callstack 0
   124   01FE18                     __end_of__initialization:
   125                           	callstack 0
   126   01FE18  0100               	movlb	0
   127   01FE1A  EF84  F0FF         	goto	_main	;jump to C main() function
   128                           
   129                           	psect	cstackCOMRAM
   130   000501                     __pcstackCOMRAM:
   131                           	callstack 0
   132   000501                     ??_main:
   133                           
   134                           ; 1 bytes @ 0x0
   135   000501                     	ds	1
   136                           
   137 ;;
   138 ;;Main: autosize = 0, tempsize = 1, incstack = 0, save=0
   139 ;;
   140 ;; *************** function _main *****************
   141 ;; Defined at:
   142 ;;		line 49 in file "main.c"
   143 ;; Parameters:    Size  Location     Type
   144 ;;		None
   145 ;; Auto vars:     Size  Location     Type
   146 ;;		None
   147 ;; Return value:  Size  Location     Type
   148 ;;                  1    wreg      void 
   149 ;; Registers used:
   150 ;;		wreg, status,2, status,0, cstack
   151 ;; Tracked objects:
   152 ;;		On entry : 0/0
   153 ;;		On exit  : 0/0
   154 ;;		Unchanged: 0/0
   155 ;; Data sizes:     COMRAM   BANK5   BANK6   BANK7   BANK8   BANK9  BANK10  BANK11  BANK12  BANK13  BANK14  BANK15  BANK1
      +6  BANK17  BANK18  BANK19  BANK20  BANK21  BANK22  BANK23  BANK24  BANK25  BANK26  BANK27  BANK28  BANK29  BANK30  BANK3
      +1  BANK32  BANK33  BANK34  BANK35  BANK36
   156 ;;      Params:         0       0       0       0       0       0       0       0       0       0       0       0       
      +0       0       0       0       0       0       0       0       0       0       0       0       0       0       0       
      +0       0       0       0       0       0
   157 ;;      Locals:         0       0       0       0       0       0       0       0       0       0       0       0       
      +0       0       0       0       0       0       0       0       0       0       0       0       0       0       0       
      +0       0       0       0       0       0
   158 ;;      Temps:          1       0       0       0       0       0       0       0       0       0       0       0       
      +0       0       0       0       0       0       0       0       0       0       0       0       0       0       0       
      +0       0       0       0       0       0
   159 ;;      Totals:         1       0       0       0       0       0       0       0       0       0       0       0       
      +0       0       0       0       0       0       0       0       0       0       0       0       0       0       0       
      +0       0       0       0       0       0
   160 ;;Total ram usage:        1 bytes
   161 ;; Hardware stack levels required when called: 2
   162 ;; This function calls:
   163 ;;		_SYSTEM_Initialize
   164 ;; This function is called by:
   165 ;;		Startup code after reset
   166 ;; This function uses a non-reentrant model
   167 ;;
   168                           
   169                           	psect	text0
   170   01FF08                     __ptext0:
   171                           	callstack 0
   172   01FF08                     _main:
   173                           	callstack 125
   174   01FF08                     
   175                           ;main.c: 52:     SYSTEM_Initialize();
   176   01FF08  EC0F  F0FF         	call	_SYSTEM_Initialize	;wreg free
   177   01FF0C                     l895:
   178   01FF0C  BCC0               	btfsc	192,6,c	;volatile
   179   01FF0E  EF8B  F0FF         	goto	u11
   180   01FF12  EF8E  F0FF         	goto	u10
   181   01FF16                     u11:
   182   01FF16  0E01               	movlw	1
   183   01FF18  EF8F  F0FF         	goto	u16
   184   01FF1C                     u10:
   185   01FF1C  0E00               	movlw	0
   186   01FF1E                     u16:
   187   01FF1E  0AFF               	xorlw	255
   188   01FF20  6E01               	movwf	??_main^(0+1280),c
   189   01FF22  3A01               	swapf	??_main^(0+1280),f,c
   190   01FF24  4601               	rlncf	??_main^(0+1280),f,c
   191   01FF26  4601               	rlncf	??_main^(0+1280),f,c
   192   01FF28  50C0               	movf	192,w,c	;volatile
   193   01FF2A  1801               	xorwf	??_main^(0+1280),w,c
   194   01FF2C  0BBF               	andlw	-65
   195   01FF2E  1801               	xorwf	??_main^(0+1280),w,c
   196   01FF30  6EC0               	movwf	192,c	;volatile
   197   01FF32                     
   198                           ;main.c: 68:         _delay((unsigned long)((500)*(1000000/4000.0)));
   199   01FF32  0EA3               	movlw	163
   200   01FF34  6E01               	movwf	??_main^(0+1280),c
   201   01FF36  0E55               	movlw	85
   202   01FF38                     u47:
   203   01FF38  2EE8               	decfsz	wreg,f,c
   204   01FF3A  D7FE               	bra	u47
   205   01FF3C  2E01               	decfsz	??_main^(0+1280),f,c
   206   01FF3E  D7FC               	bra	u47
   207   01FF40  F000               	nop	
   208   01FF42  8CC0               	bsf	192,6,c	;volatile
   209   01FF44                     
   210                           ;main.c: 70:         _delay((unsigned long)((500)*(1000000/4000.0)));
   211   01FF44  0EA3               	movlw	163
   212   01FF46  6E01               	movwf	??_main^(0+1280),c
   213   01FF48  0E55               	movlw	85
   214   01FF4A                     u57:
   215   01FF4A  2EE8               	decfsz	wreg,f,c
   216   01FF4C  D7FE               	bra	u57
   217   01FF4E  2E01               	decfsz	??_main^(0+1280),f,c
   218   01FF50  D7FC               	bra	u57
   219   01FF52  F000               	nop	
   220   01FF54  B4C0               	btfsc	192,2,c	;volatile
   221   01FF56  EFAF  F0FF         	goto	u21
   222   01FF5A  EFB2  F0FF         	goto	u20
   223   01FF5E                     u21:
   224   01FF5E  0E01               	movlw	1
   225   01FF60  EFB3  F0FF         	goto	u26
   226   01FF64                     u20:
   227   01FF64  0E00               	movlw	0
   228   01FF66                     u26:
   229   01FF66  0AFF               	xorlw	255
   230   01FF68  6E01               	movwf	??_main^(0+1280),c
   231   01FF6A  4601               	rlncf	??_main^(0+1280),f,c
   232   01FF6C  4601               	rlncf	??_main^(0+1280),f,c
   233   01FF6E  50C0               	movf	192,w,c	;volatile
   234   01FF70  1801               	xorwf	??_main^(0+1280),w,c
   235   01FF72  0BFB               	andlw	-5
   236   01FF74  1801               	xorwf	??_main^(0+1280),w,c
   237   01FF76  6EC0               	movwf	192,c	;volatile
   238   01FF78                     
   239                           ;main.c: 72:        _delay((unsigned long)((500)*(1000000/4000.0)));
   240   01FF78  0EA3               	movlw	163
   241   01FF7A  6E01               	movwf	??_main^(0+1280),c
   242   01FF7C  0E55               	movlw	85
   243   01FF7E                     u67:
   244   01FF7E  2EE8               	decfsz	wreg,f,c
   245   01FF80  D7FE               	bra	u67
   246   01FF82  2E01               	decfsz	??_main^(0+1280),f,c
   247   01FF84  D7FC               	bra	u67
   248   01FF86  F000               	nop	
   249   01FF88  84C0               	bsf	192,2,c	;volatile
   250   01FF8A                     
   251                           ;main.c: 74:         _delay((unsigned long)((500)*(1000000/4000.0)));
   252   01FF8A  0EA3               	movlw	163
   253   01FF8C  6E01               	movwf	??_main^(0+1280),c
   254   01FF8E  0E55               	movlw	85
   255   01FF90                     u77:
   256   01FF90  2EE8               	decfsz	wreg,f,c
   257   01FF92  D7FE               	bra	u77
   258   01FF94  2E01               	decfsz	??_main^(0+1280),f,c
   259   01FF96  D7FC               	bra	u77
   260   01FF98  F000               	nop	
   261   01FF9A  B8C0               	btfsc	192,4,c	;volatile
   262   01FF9C  EFD2  F0FF         	goto	u31
   263   01FFA0  EFD5  F0FF         	goto	u30
   264   01FFA4                     u31:
   265   01FFA4  0E01               	movlw	1
   266   01FFA6  EFD6  F0FF         	goto	u36
   267   01FFAA                     u30:
   268   01FFAA  0E00               	movlw	0
   269   01FFAC                     u36:
   270   01FFAC  0AFF               	xorlw	255
   271   01FFAE  6E01               	movwf	??_main^(0+1280),c
   272   01FFB0  3A01               	swapf	??_main^(0+1280),f,c
   273   01FFB2  50C0               	movf	192,w,c	;volatile
   274   01FFB4  1801               	xorwf	??_main^(0+1280),w,c
   275   01FFB6  0BEF               	andlw	-17
   276   01FFB8  1801               	xorwf	??_main^(0+1280),w,c
   277   01FFBA  6EC0               	movwf	192,c	;volatile
   278   01FFBC                     
   279                           ;main.c: 76:         _delay((unsigned long)((500)*(1000000/4000.0)));
   280   01FFBC  0EA3               	movlw	163
   281   01FFBE  6E01               	movwf	??_main^(0+1280),c
   282   01FFC0  0E55               	movlw	85
   283   01FFC2                     u87:
   284   01FFC2  2EE8               	decfsz	wreg,f,c
   285   01FFC4  D7FE               	bra	u87
   286   01FFC6  2E01               	decfsz	??_main^(0+1280),f,c
   287   01FFC8  D7FC               	bra	u87
   288   01FFCA  F000               	nop	
   289   01FFCC  88C0               	bsf	192,4,c	;volatile
   290   01FFCE                     
   291                           ;main.c: 78:         _delay((unsigned long)((500)*(1000000/4000.0)));
   292   01FFCE  0EA3               	movlw	163
   293   01FFD0  6E01               	movwf	??_main^(0+1280),c
   294   01FFD2  0E55               	movlw	85
   295   01FFD4                     u97:
   296   01FFD4  2EE8               	decfsz	wreg,f,c
   297   01FFD6  D7FE               	bra	u97
   298   01FFD8  2E01               	decfsz	??_main^(0+1280),f,c
   299   01FFDA  D7FC               	bra	u97
   300   01FFDC  F000               	nop	
   301   01FFDE  9CC0               	bcf	192,6,c	;volatile
   302   01FFE0  94C0               	bcf	192,2,c	;volatile
   303   01FFE2  98C0               	bcf	192,4,c	;volatile
   304   01FFE4                     
   305                           ;main.c: 82:        _delay((unsigned long)((500)*(1000000/4000.0)));
   306   01FFE4  0EA3               	movlw	163
   307   01FFE6  6E01               	movwf	??_main^(0+1280),c
   308   01FFE8  0E55               	movlw	85
   309   01FFEA                     u107:
   310   01FFEA  2EE8               	decfsz	wreg,f,c
   311   01FFEC  D7FE               	bra	u107
   312   01FFEE  2E01               	decfsz	??_main^(0+1280),f,c
   313   01FFF0  D7FC               	bra	u107
   314   01FFF2  F000               	nop	
   315   01FFF4  EF86  F0FF         	goto	l895
   316   01FFF8  EFFE  F0FF         	goto	start
   317   01FFFC                     __end_of_main:
   318                           	callstack 0
   319                           
   320 ;; *************** function _SYSTEM_Initialize *****************
   321 ;; Defined at:
   322 ;;		line 50 in file "mcc_generated_files/mcc.c"
   323 ;; Parameters:    Size  Location     Type
   324 ;;		None
   325 ;; Auto vars:     Size  Location     Type
   326 ;;		None
   327 ;; Return value:  Size  Location     Type
   328 ;;                  1    wreg      void 
   329 ;; Registers used:
   330 ;;		wreg, status,2, cstack
   331 ;; Tracked objects:
   332 ;;		On entry : 0/0
   333 ;;		On exit  : 0/0
   334 ;;		Unchanged: 0/0
   335 ;; Data sizes:     COMRAM   BANK5   BANK6   BANK7   BANK8   BANK9  BANK10  BANK11  BANK12  BANK13  BANK14  BANK15  BANK1
      +6  BANK17  BANK18  BANK19  BANK20  BANK21  BANK22  BANK23  BANK24  BANK25  BANK26  BANK27  BANK28  BANK29  BANK30  BANK3
      +1  BANK32  BANK33  BANK34  BANK35  BANK36
   336 ;;      Params:         0       0       0       0       0       0       0       0       0       0       0       0       
      +0       0       0       0       0       0       0       0       0       0       0       0       0       0       0       
      +0       0       0       0       0       0
   337 ;;      Locals:         0       0       0       0       0       0       0       0       0       0       0       0       
      +0       0       0       0       0       0       0       0       0       0       0       0       0       0       0       
      +0       0       0       0       0       0
   338 ;;      Temps:          0       0       0       0       0       0       0       0       0       0       0       0       
      +0       0       0       0       0       0       0       0       0       0       0       0       0       0       0       
      +0       0       0       0       0       0
   339 ;;      Totals:         0       0       0       0       0       0       0       0       0       0       0       0       
      +0       0       0       0       0       0       0       0       0       0       0       0       0       0       0       
      +0       0       0       0       0       0
   340 ;;Total ram usage:        0 bytes
   341 ;; Hardware stack levels used: 1
   342 ;; Hardware stack levels required when called: 1
   343 ;; This function calls:
   344 ;;		_OSCILLATOR_Initialize
   345 ;;		_PIN_MANAGER_Initialize
   346 ;;		_PMD_Initialize
   347 ;; This function is called by:
   348 ;;		_main
   349 ;; This function uses a non-reentrant model
   350 ;;
   351                           
   352                           	psect	text1
   353   01FE1E                     __ptext1:
   354                           	callstack 0
   355   01FE1E                     _SYSTEM_Initialize:
   356                           	callstack 125
   357   01FE1E                     
   358                           ;mcc_generated_files/mcc.c: 52:     PMD_Initialize();
   359   01FE1E  EC24  F0FF         	call	_PMD_Initialize	;wreg free
   360                           
   361                           ;mcc_generated_files/mcc.c: 53:     PIN_MANAGER_Initialize();
   362   01FE22  EC36  F0FF         	call	_PIN_MANAGER_Initialize	;wreg free
   363                           
   364                           ;mcc_generated_files/mcc.c: 54:     OSCILLATOR_Initialize();
   365   01FE26  EC16  F0FF         	call	_OSCILLATOR_Initialize	;wreg free
   366   01FE2A  0012               	return		;funcret
   367   01FE2C                     __end_of_SYSTEM_Initialize:
   368                           	callstack 0
   369                           
   370 ;; *************** function _PMD_Initialize *****************
   371 ;; Defined at:
   372 ;;		line 73 in file "mcc_generated_files/mcc.c"
   373 ;; Parameters:    Size  Location     Type
   374 ;;		None
   375 ;; Auto vars:     Size  Location     Type
   376 ;;		None
   377 ;; Return value:  Size  Location     Type
   378 ;;                  1    wreg      void 
   379 ;; Registers used:
   380 ;;		wreg, status,2
   381 ;; Tracked objects:
   382 ;;		On entry : 0/0
   383 ;;		On exit  : 0/0
   384 ;;		Unchanged: 0/0
   385 ;; Data sizes:     COMRAM   BANK5   BANK6   BANK7   BANK8   BANK9  BANK10  BANK11  BANK12  BANK13  BANK14  BANK15  BANK1
      +6  BANK17  BANK18  BANK19  BANK20  BANK21  BANK22  BANK23  BANK24  BANK25  BANK26  BANK27  BANK28  BANK29  BANK30  BANK3
      +1  BANK32  BANK33  BANK34  BANK35  BANK36
   386 ;;      Params:         0       0       0       0       0       0       0       0       0       0       0       0       
      +0       0       0       0       0       0       0       0       0       0       0       0       0       0       0       
      +0       0       0       0       0       0
   387 ;;      Locals:         0       0       0       0       0       0       0       0       0       0       0       0       
      +0       0       0       0       0       0       0       0       0       0       0       0       0       0       0       
      +0       0       0       0       0       0
   388 ;;      Temps:          0       0       0       0       0       0       0       0       0       0       0       0       
      +0       0       0       0       0       0       0       0       0       0       0       0       0       0       0       
      +0       0       0       0       0       0
   389 ;;      Totals:         0       0       0       0       0       0       0       0       0       0       0       0       
      +0       0       0       0       0       0       0       0       0       0       0       0       0       0       0       
      +0       0       0       0       0       0
   390 ;;Total ram usage:        0 bytes
   391 ;; Hardware stack levels used: 1
   392 ;; This function calls:
   393 ;;		Nothing
   394 ;; This function is called by:
   395 ;;		_SYSTEM_Initialize
   396 ;; This function uses a non-reentrant model
   397 ;;
   398                           
   399                           	psect	text2
   400   01FE48                     __ptext2:
   401                           	callstack 0
   402   01FE48                     _PMD_Initialize:
   403                           	callstack 125
   404   01FE48                     
   405                           ;mcc_generated_files/mcc.c: 76:     PMD0 = 0x00;
   406   01FE48  0E00               	movlw	0
   407   01FE4A  0100               	movlb	0	; () banked
   408   01FE4C  6F60               	movwf	96,b	;volatile
   409                           
   410                           ;mcc_generated_files/mcc.c: 78:     PMD1 = 0x00;
   411   01FE4E  0E00               	movlw	0
   412   01FE50  6F61               	movwf	97,b	;volatile
   413                           
   414                           ;mcc_generated_files/mcc.c: 80:     PMD3 = 0x00;
   415   01FE52  0E00               	movlw	0
   416   01FE54  6F63               	movwf	99,b	;volatile
   417                           
   418                           ;mcc_generated_files/mcc.c: 82:     PMD4 = 0x00;
   419   01FE56  0E00               	movlw	0
   420   01FE58  6F64               	movwf	100,b	;volatile
   421                           
   422                           ;mcc_generated_files/mcc.c: 84:     PMD5 = 0x00;
   423   01FE5A  0E00               	movlw	0
   424   01FE5C  6F65               	movwf	101,b	;volatile
   425                           
   426                           ;mcc_generated_files/mcc.c: 86:     PMD6 = 0x00;
   427   01FE5E  0E00               	movlw	0
   428   01FE60  6F66               	movwf	102,b	;volatile
   429                           
   430                           ;mcc_generated_files/mcc.c: 88:     PMD7 = 0x00;
   431   01FE62  0E00               	movlw	0
   432   01FE64  6F67               	movwf	103,b	;volatile
   433                           
   434                           ;mcc_generated_files/mcc.c: 90:     PMD8 = 0x00;
   435   01FE66  0E00               	movlw	0
   436   01FE68  6F68               	movwf	104,b	;volatile
   437   01FE6A                     
   438                           ; BSR set to: 0
   439   01FE6A  0012               	return		;funcret
   440   01FE6C                     __end_of_PMD_Initialize:
   441                           	callstack 0
   442                           
   443 ;; *************** function _PIN_MANAGER_Initialize *****************
   444 ;; Defined at:
   445 ;;		line 55 in file "mcc_generated_files/pin_manager.c"
   446 ;; Parameters:    Size  Location     Type
   447 ;;		None
   448 ;; Auto vars:     Size  Location     Type
   449 ;;		None
   450 ;; Return value:  Size  Location     Type
   451 ;;                  1    wreg      void 
   452 ;; Registers used:
   453 ;;		wreg, status,2
   454 ;; Tracked objects:
   455 ;;		On entry : 0/0
   456 ;;		On exit  : 0/0
   457 ;;		Unchanged: 0/0
   458 ;; Data sizes:     COMRAM   BANK5   BANK6   BANK7   BANK8   BANK9  BANK10  BANK11  BANK12  BANK13  BANK14  BANK15  BANK1
      +6  BANK17  BANK18  BANK19  BANK20  BANK21  BANK22  BANK23  BANK24  BANK25  BANK26  BANK27  BANK28  BANK29  BANK30  BANK3
      +1  BANK32  BANK33  BANK34  BANK35  BANK36
   459 ;;      Params:         0       0       0       0       0       0       0       0       0       0       0       0       
      +0       0       0       0       0       0       0       0       0       0       0       0       0       0       0       
      +0       0       0       0       0       0
   460 ;;      Locals:         0       0       0       0       0       0       0       0       0       0       0       0       
      +0       0       0       0       0       0       0       0       0       0       0       0       0       0       0       
      +0       0       0       0       0       0
   461 ;;      Temps:          0       0       0       0       0       0       0       0       0       0       0       0       
      +0       0       0       0       0       0       0       0       0       0       0       0       0       0       0       
      +0       0       0       0       0       0
   462 ;;      Totals:         0       0       0       0       0       0       0       0       0       0       0       0       
      +0       0       0       0       0       0       0       0       0       0       0       0       0       0       0       
      +0       0       0       0       0       0
   463 ;;Total ram usage:        0 bytes
   464 ;; Hardware stack levels used: 1
   465 ;; This function calls:
   466 ;;		Nothing
   467 ;; This function is called by:
   468 ;;		_SYSTEM_Initialize
   469 ;; This function uses a non-reentrant model
   470 ;;
   471                           
   472                           	psect	text3
   473   01FE6C                     __ptext3:
   474                           	callstack 0
   475   01FE6C                     _PIN_MANAGER_Initialize:
   476                           	callstack 125
   477   01FE6C                     
   478                           ;mcc_generated_files/pin_manager.c: 60:     LATE = 0x00;
   479   01FE6C  0E00               	movlw	0
   480   01FE6E  6EC2               	movwf	194,c	;volatile
   481                           
   482                           ;mcc_generated_files/pin_manager.c: 61:     LATD = 0x00;
   483   01FE70  0E00               	movlw	0
   484   01FE72  6EC1               	movwf	193,c	;volatile
   485                           
   486                           ;mcc_generated_files/pin_manager.c: 62:     LATA = 0x00;
   487   01FE74  0E00               	movlw	0
   488   01FE76  6EBE               	movwf	190,c	;volatile
   489                           
   490                           ;mcc_generated_files/pin_manager.c: 63:     LATF = 0x00;
   491   01FE78  0E00               	movlw	0
   492   01FE7A  6EC3               	movwf	195,c	;volatile
   493                           
   494                           ;mcc_generated_files/pin_manager.c: 64:     LATB = 0x00;
   495   01FE7C  0E00               	movlw	0
   496   01FE7E  6EBF               	movwf	191,c	;volatile
   497                           
   498                           ;mcc_generated_files/pin_manager.c: 65:     LATC = 0x54;
   499   01FE80  0E54               	movlw	84
   500   01FE82  6EC0               	movwf	192,c	;volatile
   501                           
   502                           ;mcc_generated_files/pin_manager.c: 70:     TRISE = 0x07;
   503   01FE84  0E07               	movlw	7
   504   01FE86  6ECA               	movwf	202,c	;volatile
   505   01FE88                     
   506                           ;mcc_generated_files/pin_manager.c: 71:     TRISF = 0xFF;
   507   01FE88  68CB               	setf	203,c	;volatile
   508   01FE8A                     
   509                           ;mcc_generated_files/pin_manager.c: 72:     TRISA = 0xFF;
   510   01FE8A  68C6               	setf	198,c	;volatile
   511   01FE8C                     
   512                           ;mcc_generated_files/pin_manager.c: 73:     TRISB = 0xFF;
   513   01FE8C  68C7               	setf	199,c	;volatile
   514                           
   515                           ;mcc_generated_files/pin_manager.c: 74:     TRISC = 0xAB;
   516   01FE8E  0EAB               	movlw	171
   517   01FE90  6EC8               	movwf	200,c	;volatile
   518   01FE92                     
   519                           ;mcc_generated_files/pin_manager.c: 75:     TRISD = 0xFF;
   520   01FE92  68C9               	setf	201,c	;volatile
   521   01FE94                     
   522                           ;mcc_generated_files/pin_manager.c: 80:     ANSELD = 0xFF;
   523   01FE94  0104               	movlb	4	; () banked
   524   01FE96  6918               	setf	24,b	;volatile
   525                           
   526                           ;mcc_generated_files/pin_manager.c: 81:     ANSELC = 0xAB;
   527   01FE98  0EAB               	movlw	171
   528   01FE9A  6F10               	movwf	16,b	;volatile
   529   01FE9C                     
   530                           ; BSR set to: 4
   531                           ;mcc_generated_files/pin_manager.c: 82:     ANSELB = 0xFF;
   532   01FE9C  6908               	setf	8,b	;volatile
   533                           
   534                           ;mcc_generated_files/pin_manager.c: 83:     ANSELE = 0x07;
   535   01FE9E  0E07               	movlw	7
   536   01FEA0  6F20               	movwf	32,b	;volatile
   537   01FEA2                     
   538                           ; BSR set to: 4
   539                           ;mcc_generated_files/pin_manager.c: 84:     ANSELF = 0xFF;
   540   01FEA2  6928               	setf	40,b	;volatile
   541   01FEA4                     
   542                           ; BSR set to: 4
   543                           ;mcc_generated_files/pin_manager.c: 85:     ANSELA = 0xFF;
   544   01FEA4  6900               	setf	0,b	;volatile
   545                           
   546                           ;mcc_generated_files/pin_manager.c: 90:     WPUD = 0x00;
   547   01FEA6  0E00               	movlw	0
   548   01FEA8  6F19               	movwf	25,b	;volatile
   549                           
   550                           ;mcc_generated_files/pin_manager.c: 91:     WPUF = 0x00;
   551   01FEAA  0E00               	movlw	0
   552   01FEAC  6F29               	movwf	41,b	;volatile
   553                           
   554                           ;mcc_generated_files/pin_manager.c: 92:     WPUE = 0x00;
   555   01FEAE  0E00               	movlw	0
   556   01FEB0  6F21               	movwf	33,b	;volatile
   557                           
   558                           ;mcc_generated_files/pin_manager.c: 93:     WPUB = 0x00;
   559   01FEB2  0E00               	movlw	0
   560   01FEB4  6F09               	movwf	9,b	;volatile
   561                           
   562                           ;mcc_generated_files/pin_manager.c: 94:     WPUA = 0x00;
   563   01FEB6  0E00               	movlw	0
   564   01FEB8  6F01               	movwf	1,b	;volatile
   565                           
   566                           ;mcc_generated_files/pin_manager.c: 95:     WPUC = 0x54;
   567   01FEBA  0E54               	movlw	84
   568   01FEBC  6F11               	movwf	17,b	;volatile
   569                           
   570                           ;mcc_generated_files/pin_manager.c: 100:     RB1I2C = 0x00;
   571   01FEBE  0E00               	movlw	0
   572   01FEC0  0102               	movlb	2	; () banked
   573   01FEC2  6F89               	movwf	137,b	;volatile
   574                           
   575                           ;mcc_generated_files/pin_manager.c: 101:     RB2I2C = 0x00;
   576   01FEC4  0E00               	movlw	0
   577   01FEC6  6F88               	movwf	136,b	;volatile
   578                           
   579                           ;mcc_generated_files/pin_manager.c: 102:     RC3I2C = 0x00;
   580   01FEC8  0E00               	movlw	0
   581   01FECA  6F87               	movwf	135,b	;volatile
   582                           
   583                           ;mcc_generated_files/pin_manager.c: 103:     RC4I2C = 0x00;
   584   01FECC  0E00               	movlw	0
   585   01FECE  6F86               	movwf	134,b	;volatile
   586                           
   587                           ;mcc_generated_files/pin_manager.c: 108:     ODCONE = 0x00;
   588   01FED0  0E00               	movlw	0
   589   01FED2  0104               	movlb	4	; () banked
   590   01FED4  6F22               	movwf	34,b	;volatile
   591                           
   592                           ;mcc_generated_files/pin_manager.c: 109:     ODCONF = 0x00;
   593   01FED6  0E00               	movlw	0
   594   01FED8  6F2A               	movwf	42,b	;volatile
   595                           
   596                           ;mcc_generated_files/pin_manager.c: 110:     ODCONA = 0x00;
   597   01FEDA  0E00               	movlw	0
   598   01FEDC  6F02               	movwf	2,b	;volatile
   599                           
   600                           ;mcc_generated_files/pin_manager.c: 111:     ODCONB = 0x00;
   601   01FEDE  0E00               	movlw	0
   602   01FEE0  6F0A               	movwf	10,b	;volatile
   603                           
   604                           ;mcc_generated_files/pin_manager.c: 112:     ODCONC = 0x00;
   605   01FEE2  0E00               	movlw	0
   606   01FEE4  6F12               	movwf	18,b	;volatile
   607                           
   608                           ;mcc_generated_files/pin_manager.c: 113:     ODCOND = 0x00;
   609   01FEE6  0E00               	movlw	0
   610   01FEE8  6F1A               	movwf	26,b	;volatile
   611   01FEEA                     
   612                           ; BSR set to: 4
   613                           ;mcc_generated_files/pin_manager.c: 118:     SLRCONA = 0xFF;
   614   01FEEA  6903               	setf	3,b	;volatile
   615   01FEEC                     
   616                           ; BSR set to: 4
   617                           ;mcc_generated_files/pin_manager.c: 119:     SLRCONB = 0xFF;
   618   01FEEC  690B               	setf	11,b	;volatile
   619   01FEEE                     
   620                           ; BSR set to: 4
   621                           ;mcc_generated_files/pin_manager.c: 120:     SLRCONC = 0xFF;
   622   01FEEE  6913               	setf	19,b	;volatile
   623   01FEF0                     
   624                           ; BSR set to: 4
   625                           ;mcc_generated_files/pin_manager.c: 121:     SLRCOND = 0xFF;
   626   01FEF0  691B               	setf	27,b	;volatile
   627                           
   628                           ;mcc_generated_files/pin_manager.c: 122:     SLRCONE = 0x07;
   629   01FEF2  0E07               	movlw	7
   630   01FEF4  6F23               	movwf	35,b	;volatile
   631   01FEF6                     
   632                           ; BSR set to: 4
   633                           ;mcc_generated_files/pin_manager.c: 123:     SLRCONF = 0xFF;
   634   01FEF6  692B               	setf	43,b	;volatile
   635   01FEF8                     
   636                           ; BSR set to: 4
   637                           ;mcc_generated_files/pin_manager.c: 128:     INLVLA = 0xFF;
   638   01FEF8  6904               	setf	4,b	;volatile
   639   01FEFA                     
   640                           ; BSR set to: 4
   641                           ;mcc_generated_files/pin_manager.c: 129:     INLVLB = 0xFF;
   642   01FEFA  690C               	setf	12,b	;volatile
   643   01FEFC                     
   644                           ; BSR set to: 4
   645                           ;mcc_generated_files/pin_manager.c: 130:     INLVLC = 0xFF;
   646   01FEFC  6914               	setf	20,b	;volatile
   647   01FEFE                     
   648                           ; BSR set to: 4
   649                           ;mcc_generated_files/pin_manager.c: 131:     INLVLD = 0xFF;
   650   01FEFE  691C               	setf	28,b	;volatile
   651                           
   652                           ;mcc_generated_files/pin_manager.c: 132:     INLVLE = 0x0F;
   653   01FF00  0E0F               	movlw	15
   654   01FF02  6F24               	movwf	36,b	;volatile
   655   01FF04                     
   656                           ; BSR set to: 4
   657                           ;mcc_generated_files/pin_manager.c: 133:     INLVLF = 0xFF;
   658   01FF04  692C               	setf	44,b	;volatile
   659   01FF06                     
   660                           ; BSR set to: 4
   661   01FF06  0012               	return		;funcret
   662   01FF08                     __end_of_PIN_MANAGER_Initialize:
   663                           	callstack 0
   664                           
   665 ;; *************** function _OSCILLATOR_Initialize *****************
   666 ;; Defined at:
   667 ;;		line 57 in file "mcc_generated_files/mcc.c"
   668 ;; Parameters:    Size  Location     Type
   669 ;;		None
   670 ;; Auto vars:     Size  Location     Type
   671 ;;		None
   672 ;; Return value:  Size  Location     Type
   673 ;;                  1    wreg      void 
   674 ;; Registers used:
   675 ;;		wreg, status,2
   676 ;; Tracked objects:
   677 ;;		On entry : 0/0
   678 ;;		On exit  : 0/0
   679 ;;		Unchanged: 0/0
   680 ;; Data sizes:     COMRAM   BANK5   BANK6   BANK7   BANK8   BANK9  BANK10  BANK11  BANK12  BANK13  BANK14  BANK15  BANK1
      +6  BANK17  BANK18  BANK19  BANK20  BANK21  BANK22  BANK23  BANK24  BANK25  BANK26  BANK27  BANK28  BANK29  BANK30  BANK3
      +1  BANK32  BANK33  BANK34  BANK35  BANK36
   681 ;;      Params:         0       0       0       0       0       0       0       0       0       0       0       0       
      +0       0       0       0       0       0       0       0       0       0       0       0       0       0       0       
      +0       0       0       0       0       0
   682 ;;      Locals:         0       0       0       0       0       0       0       0       0       0       0       0       
      +0       0       0       0       0       0       0       0       0       0       0       0       0       0       0       
      +0       0       0       0       0       0
   683 ;;      Temps:          0       0       0       0       0       0       0       0       0       0       0       0       
      +0       0       0       0       0       0       0       0       0       0       0       0       0       0       0       
      +0       0       0       0       0       0
   684 ;;      Totals:         0       0       0       0       0       0       0       0       0       0       0       0       
      +0       0       0       0       0       0       0       0       0       0       0       0       0       0       0       
      +0       0       0       0       0       0
   685 ;;Total ram usage:        0 bytes
   686 ;; Hardware stack levels used: 1
   687 ;; This function calls:
   688 ;;		Nothing
   689 ;; This function is called by:
   690 ;;		_SYSTEM_Initialize
   691 ;; This function uses a non-reentrant model
   692 ;;
   693                           
   694                           	psect	text4
   695   01FE2C                     __ptext4:
   696                           	callstack 0
   697   01FE2C                     _OSCILLATOR_Initialize:
   698                           	callstack 125
   699   01FE2C                     
   700                           ;mcc_generated_files/mcc.c: 60:     OSCCON1 = 0x62;
   701   01FE2C  0E62               	movlw	98
   702   01FE2E  0100               	movlb	0	; () banked
   703   01FE30  6FAD               	movwf	173,b	;volatile
   704                           
   705                           ;mcc_generated_files/mcc.c: 62:     OSCCON3 = 0x00;
   706   01FE32  0E00               	movlw	0
   707   01FE34  6FAF               	movwf	175,b	;volatile
   708                           
   709                           ;mcc_generated_files/mcc.c: 64:     OSCEN = 0x00;
   710   01FE36  0E00               	movlw	0
   711   01FE38  6FB3               	movwf	179,b	;volatile
   712                           
   713                           ;mcc_generated_files/mcc.c: 66:     OSCFRQ = 0x02;
   714   01FE3A  0E02               	movlw	2
   715   01FE3C  6FB1               	movwf	177,b	;volatile
   716                           
   717                           ;mcc_generated_files/mcc.c: 68:     OSCTUNE = 0x00;
   718   01FE3E  0E00               	movlw	0
   719   01FE40  6FB0               	movwf	176,b	;volatile
   720                           
   721                           ;mcc_generated_files/mcc.c: 70:     ACTCON = 0x00;
   722   01FE42  0E00               	movlw	0
   723   01FE44  6FAC               	movwf	172,b	;volatile
   724   01FE46                     
   725                           ; BSR set to: 0
   726   01FE46  0012               	return		;funcret
   727   01FE48                     __end_of_OSCILLATOR_Initialize:
   728                           	callstack 0
   729   000000                     
   730                           	psect	rparam
   731   000000                     
   732                           	psect	idloc
   733                           
   734                           ;Config register IDLOC0 @ 0x200000
   735                           ;	unspecified, using default values
   736   200000                     	org	2097152
   737   200000  0FFF               	dw	4095
   738                           
   739                           ;Config register IDLOC1 @ 0x200002
   740                           ;	unspecified, using default values
   741   200002                     	org	2097154
   742   200002  0FFF               	dw	4095
   743                           
   744                           ;Config register IDLOC2 @ 0x200004
   745                           ;	unspecified, using default values
   746   200004                     	org	2097156
   747   200004  0FFF               	dw	4095
   748                           
   749                           ;Config register IDLOC3 @ 0x200006
   750                           ;	unspecified, using default values
   751   200006                     	org	2097158
   752   200006  0FFF               	dw	4095
   753                           
   754                           ;Config register IDLOC4 @ 0x200008
   755                           ;	unspecified, using default values
   756   200008                     	org	2097160
   757   200008  0FFF               	dw	4095
   758                           
   759                           ;Config register IDLOC5 @ 0x20000A
   760                           ;	unspecified, using default values
   761   20000A                     	org	2097162
   762   20000A  0FFF               	dw	4095
   763                           
   764                           ;Config register IDLOC6 @ 0x20000C
   765                           ;	unspecified, using default values
   766   20000C                     	org	2097164
   767   20000C  0FFF               	dw	4095
   768                           
   769                           ;Config register IDLOC7 @ 0x20000E
   770                           ;	unspecified, using default values
   771   20000E                     	org	2097166
   772   20000E  0FFF               	dw	4095
   773                           
   774                           ;Config register IDLOC8 @ 0x200010
   775                           ;	unspecified, using default values
   776   200010                     	org	2097168
   777   200010  0FFF               	dw	4095
   778                           
   779                           ;Config register IDLOC9 @ 0x200012
   780                           ;	unspecified, using default values
   781   200012                     	org	2097170
   782   200012  0FFF               	dw	4095
   783                           
   784                           ;Config register IDLOC10 @ 0x200014
   785                           ;	unspecified, using default values
   786   200014                     	org	2097172
   787   200014  0FFF               	dw	4095
   788                           
   789                           ;Config register IDLOC11 @ 0x200016
   790                           ;	unspecified, using default values
   791   200016                     	org	2097174
   792   200016  0FFF               	dw	4095
   793                           
   794                           ;Config register IDLOC12 @ 0x200018
   795                           ;	unspecified, using default values
   796   200018                     	org	2097176
   797   200018  0FFF               	dw	4095
   798                           
   799                           ;Config register IDLOC13 @ 0x20001A
   800                           ;	unspecified, using default values
   801   20001A                     	org	2097178
   802   20001A  0FFF               	dw	4095
   803                           
   804                           ;Config register IDLOC14 @ 0x20001C
   805                           ;	unspecified, using default values
   806   20001C                     	org	2097180
   807   20001C  0FFF               	dw	4095
   808                           
   809                           ;Config register IDLOC15 @ 0x20001E
   810                           ;	unspecified, using default values
   811   20001E                     	org	2097182
   812   20001E  0FFF               	dw	4095
   813                           
   814                           ;Config register IDLOC16 @ 0x200020
   815                           ;	unspecified, using default values
   816   200020                     	org	2097184
   817   200020  0FFF               	dw	4095
   818                           
   819                           ;Config register IDLOC17 @ 0x200022
   820                           ;	unspecified, using default values
   821   200022                     	org	2097186
   822   200022  0FFF               	dw	4095
   823                           
   824                           ;Config register IDLOC18 @ 0x200024
   825                           ;	unspecified, using default values
   826   200024                     	org	2097188
   827   200024  0FFF               	dw	4095
   828                           
   829                           ;Config register IDLOC19 @ 0x200026
   830                           ;	unspecified, using default values
   831   200026                     	org	2097190
   832   200026  0FFF               	dw	4095
   833                           
   834                           ;Config register IDLOC20 @ 0x200028
   835                           ;	unspecified, using default values
   836   200028                     	org	2097192
   837   200028  0FFF               	dw	4095
   838                           
   839                           ;Config register IDLOC21 @ 0x20002A
   840                           ;	unspecified, using default values
   841   20002A                     	org	2097194
   842   20002A  0FFF               	dw	4095
   843                           
   844                           ;Config register IDLOC22 @ 0x20002C
   845                           ;	unspecified, using default values
   846   20002C                     	org	2097196
   847   20002C  0FFF               	dw	4095
   848                           
   849                           ;Config register IDLOC23 @ 0x20002E
   850                           ;	unspecified, using default values
   851   20002E                     	org	2097198
   852   20002E  0FFF               	dw	4095
   853                           
   854                           ;Config register IDLOC24 @ 0x200030
   855                           ;	unspecified, using default values
   856   200030                     	org	2097200
   857   200030  0FFF               	dw	4095
   858                           
   859                           ;Config register IDLOC25 @ 0x200032
   860                           ;	unspecified, using default values
   861   200032                     	org	2097202
   862   200032  0FFF               	dw	4095
   863                           
   864                           ;Config register IDLOC26 @ 0x200034
   865                           ;	unspecified, using default values
   866   200034                     	org	2097204
   867   200034  0FFF               	dw	4095
   868                           
   869                           ;Config register IDLOC27 @ 0x200036
   870                           ;	unspecified, using default values
   871   200036                     	org	2097206
   872   200036  0FFF               	dw	4095
   873                           
   874                           ;Config register IDLOC28 @ 0x200038
   875                           ;	unspecified, using default values
   876   200038                     	org	2097208
   877   200038  0FFF               	dw	4095
   878                           
   879                           ;Config register IDLOC29 @ 0x20003A
   880                           ;	unspecified, using default values
   881   20003A                     	org	2097210
   882   20003A  0FFF               	dw	4095
   883                           
   884                           ;Config register IDLOC30 @ 0x20003C
   885                           ;	unspecified, using default values
   886   20003C                     	org	2097212
   887   20003C  0FFF               	dw	4095
   888                           
   889                           ;Config register IDLOC31 @ 0x20003E
   890                           ;	unspecified, using default values
   891   20003E                     	org	2097214
   892   20003E  0FFF               	dw	4095
   893                           
   894                           	psect	config
   895                           
   896                           ;Config register CONFIG1 @ 0x300000
   897                           ;	External Oscillator Selection
   898                           ;	FEXTOSC = OFF, Oscillator not enabled
   899                           ;	Reset Oscillator Selection
   900                           ;	RSTOSC = HFINTOSC_1MHZ, HFINTOSC with HFFRQ = 4 MHz and CDIV = 4:1
   901   300000                     	org	3145728
   902   300000  EC                 	db	236
   903                           
   904                           ;Config register CONFIG2 @ 0x300001
   905                           ;	Clock out Enable bit
   906                           ;	CLKOUTEN = OFF, CLKOUT function is disabled
   907                           ;	PRLOCKED One-Way Set Enable bit
   908                           ;	PR1WAY = ON, PRLOCKED bit can be cleared and set only once
   909                           ;	Clock Switch Enable bit
   910                           ;	CSWEN = ON, Writing to NOSC and NDIV is allowed
   911                           ;	Fail-Safe Clock Monitor Enable bit
   912                           ;	FCMEN = ON, Fail-Safe Clock Monitor enabled
   913   300001                     	org	3145729
   914   300001  FF                 	db	255
   915                           
   916                           ;Config register CONFIG3 @ 0x300002
   917                           ;	MCLR Enable bit
   918                           ;	MCLRE = EXTMCLR, If LVP = 0, MCLR pin is MCLR; If LVP = 1, RE3 pin function is MCLR
   919                           ;	Power-up timer selection bits
   920                           ;	PWRTS = PWRT_OFF, PWRT is disabled
   921                           ;	Multi-vector enable bit
   922                           ;	MVECEN = OFF, Interrupt contoller does not use vector table to prioritze interrupts
   923                           ;	IVTLOCK bit One-way set enable bit
   924                           ;	IVT1WAY = ON, IVTLOCKED bit can be cleared and set only once
   925                           ;	Low Power BOR Enable bit
   926                           ;	LPBOREN = OFF, Low-Power BOR disabled
   927                           ;	Brown-out Reset Enable bits
   928                           ;	BOREN = SBORDIS, Brown-out Reset enabled , SBOREN bit is ignored
   929   300002                     	org	3145730
   930   300002  F7                 	db	247
   931                           
   932                           ;Config register CONFIG4 @ 0x300003
   933                           ;	Brown-out Reset Voltage Selection bits
   934                           ;	BORV = VBOR_1P9, Brown-out Reset Voltage (VBOR) set to 1.9V
   935                           ;	ZCD Disable bit
   936                           ;	ZCD = OFF, ZCD module is disabled. ZCD can be enabled by setting the ZCDSEN bit of ZCD
      +                          CON
   937                           ;	PPSLOCK bit One-Way Set Enable bit
   938                           ;	PPS1WAY = ON, PPSLOCKED bit can be cleared and set only once; PPS registers remain loc
      +                          ked after one clear/set cycle
   939                           ;	Stack Full/Underflow Reset Enable bit
   940                           ;	STVREN = ON, Stack full/underflow will cause Reset
   941                           ;	Low Voltage Programming Enable bit
   942                           ;	LVP = ON, Low voltage programming enabled. MCLR/VPP pin function is MCLR. MCLRE config
      +                          uration bit is ignored
   943                           ;	Extended Instruction Set Enable bit
   944                           ;	XINST = OFF, Extended Instruction Set and Indexed Addressing Mode disabled
   945   300003                     	org	3145731
   946   300003  FF                 	db	255
   947                           
   948                           ;Config register CONFIG5 @ 0x300004
   949                           ;	WDT Period selection bits
   950                           ;	WDTCPS = WDTCPS_31, Divider ratio 1:65536; software control of WDTPS
   951                           ;	WDT operating mode
   952                           ;	WDTE = OFF, WDT Disabled; SWDTEN is ignored
   953   300004                     	org	3145732
   954   300004  9F                 	db	159
   955                           
   956                           ;Config register CONFIG6 @ 0x300005
   957                           ;	WDT Window Select bits
   958                           ;	WDTCWS = WDTCWS_7, window always open (100%); software control; keyed access not requi
      +                          red
   959                           ;	WDT input clock selector
   960                           ;	WDTCCS = SC, Software Control
   961   300005                     	org	3145733
   962   300005  FF                 	db	255
   963                           
   964                           ;Config register CONFIG7 @ 0x300006
   965                           ;	Boot Block Size selection bits
   966                           ;	BBSIZE = BBSIZE_512, Boot Block size is 512 words
   967                           ;	Boot Block enable bit
   968                           ;	BBEN = OFF, Boot block disabled
   969                           ;	Storage Area Flash enable bit
   970                           ;	SAFEN = OFF, SAF disabled
   971                           ;	Background Debugger
   972                           ;	DEBUG = OFF, Background Debugger disabled
   973   300006                     	org	3145734
   974   300006  FF                 	db	255
   975                           
   976                           ;Config register CONFIG8 @ 0x300007
   977                           ;	Boot Block Write Protection bit
   978                           ;	WRTB = OFF, Boot Block not Write protected
   979                           ;	Configuration Register Write Protection bit
   980                           ;	WRTC = OFF, Configuration registers not Write protected
   981                           ;	Data EEPROM Write Protection bit
   982                           ;	WRTD = OFF, Data EEPROM not Write protected
   983                           ;	SAF Write protection bit
   984                           ;	WRTSAF = OFF, SAF not Write Protected
   985                           ;	Application Block write protection bit
   986                           ;	WRTAPP = OFF, Application Block not write protected
   987   300007                     	org	3145735
   988   300007  FF                 	db	255
   989                           
   990                           ; Padding undefined space
   991   300008                     	org	3145736
   992   300008  FF                 	db	255
   993                           
   994                           ;Config register CONFIG10 @ 0x300009
   995                           ;	PFM and Data EEPROM Code Protection bit
   996                           ;	CP = OFF, PFM and Data EEPROM code protection disabled
   997   300009                     	org	3145737
   998   300009  FF                 	db	255
   999                           tosu	equ	0x4FF
  1000                           tosh	equ	0x4FE
  1001                           tosl	equ	0x4FD
  1002                           stkptr	equ	0x4FC
  1003                           pclatu	equ	0x4FB
  1004                           pclath	equ	0x4FA
  1005                           pcl	equ	0x4F9
  1006                           tblptru	equ	0x4F8
  1007                           tblptrh	equ	0x4F7
  1008                           tblptrl	equ	0x4F6
  1009                           tablat	equ	0x4F5
  1010                           prodh	equ	0x4F4
  1011                           prodl	equ	0x4F3
  1012                           indf0	equ	0x4EF
  1013                           postinc0	equ	0x4EE
  1014                           postdec0	equ	0x4ED
  1015                           preinc0	equ	0x4EC
  1016                           plusw0	equ	0x4EB
  1017                           fsr0h	equ	0x4EA
  1018                           fsr0l	equ	0x4E9
  1019                           wreg	equ	0x4E8
  1020                           indf1	equ	0x4E7
  1021                           postinc1	equ	0x4E6
  1022                           postdec1	equ	0x4E5
  1023                           preinc1	equ	0x4E4
  1024                           plusw1	equ	0x4E3
  1025                           fsr1h	equ	0x4E2
  1026                           fsr1l	equ	0x4E1
  1027                           bsr	equ	0x4E0
  1028                           indf2	equ	0x4DF
  1029                           postinc2	equ	0x4DE
  1030                           postdec2	equ	0x4DD
  1031                           preinc2	equ	0x4DC
  1032                           plusw2	equ	0x4DB
  1033                           fsr2h	equ	0x4DA
  1034                           fsr2l	equ	0x4D9
  1035                           status	equ	0x4D8

Data Sizes:
    Strings     0
    Constant    0
    Data        0
    BSS         0
    Persistent  0
    Stack       0

Auto Spaces:
    Space          Size  Autos    Used
    COMRAM           95      1       1
    BANK5           160      0       0
    BANK6           256      0       0
    BANK7           256      0       0
    BANK8           256      0       0
    BANK9           256      0       0
    BANK10          256      0       0
    BANK11          256      0       0
    BANK12          256      0       0
    BANK13          256      0       0
    BANK14          256      0       0
    BANK15          256      0       0
    BANK16          256      0       0
    BANK17          256      0       0
    BANK18          256      0       0
    BANK19          256      0       0
    BANK20          256      0       0
    BANK21          256      0       0
    BANK22          256      0       0
    BANK23          256      0       0
    BANK24          256      0       0
    BANK25          256      0       0
    BANK26          256      0       0
    BANK27          256      0       0
    BANK28          256      0       0
    BANK29          256      0       0
    BANK30          256      0       0
    BANK31          256      0       0
    BANK32          256      0       0
    BANK33          256      0       0
    BANK34          256      0       0
    BANK35          256      0       0
    BANK36          256      0       0

Pointer List with Targets:

    None.

Critical Paths under _main in COMRAM

    None.

Critical Paths under _main in BANK5

    None.

Critical Paths under _main in BANK6

    None.

Critical Paths under _main in BANK7

    None.

Critical Paths under _main in BANK8

    None.

Critical Paths under _main in BANK9

    None.

Critical Paths under _main in BANK10

    None.

Critical Paths under _main in BANK11

    None.

Critical Paths under _main in BANK12

    None.

Critical Paths under _main in BANK13

    None.

Critical Paths under _main in BANK14

    None.

Critical Paths under _main in BANK15

    None.

Critical Paths under _main in BANK16

    None.

Critical Paths under _main in BANK17

    None.

Critical Paths under _main in BANK18

    None.

Critical Paths under _main in BANK19

    None.

Critical Paths under _main in BANK20

    None.

Critical Paths under _main in BANK21

    None.

Critical Paths under _main in BANK22

    None.

Critical Paths under _main in BANK23

    None.

Critical Paths under _main in BANK24

    None.

Critical Paths under _main in BANK25

    None.

Critical Paths under _main in BANK26

    None.

Critical Paths under _main in BANK27

    None.

Critical Paths under _main in BANK28

    None.

Critical Paths under _main in BANK29

    None.

Critical Paths under _main in BANK30

    None.

Critical Paths under _main in BANK31

    None.

Critical Paths under _main in BANK32

    None.

Critical Paths under _main in BANK33

    None.

Critical Paths under _main in BANK34

    None.

Critical Paths under _main in BANK35

    None.

Critical Paths under _main in BANK36

    None.

Call Graph Tables:

 ---------------------------------------------------------------------------------
 (Depth) Function   	        Calls       Base Space   Used Autos Params    Refs
 ---------------------------------------------------------------------------------
 (0) _main                                                 1     1      0       0
                                              0 COMRAM     1     1      0
                  _SYSTEM_Initialize
 ---------------------------------------------------------------------------------
 (1) _SYSTEM_Initialize                                    0     0      0       0
              _OSCILLATOR_Initialize
             _PIN_MANAGER_Initialize
                     _PMD_Initialize
 ---------------------------------------------------------------------------------
 (2) _PMD_Initialize                                       0     0      0       0
 ---------------------------------------------------------------------------------
 (2) _PIN_MANAGER_Initialize                               0     0      0       0
 ---------------------------------------------------------------------------------
 (2) _OSCILLATOR_Initialize                                0     0      0       0
 ---------------------------------------------------------------------------------
 Estimated maximum stack depth 2
 ---------------------------------------------------------------------------------

 Call Graph Graphs:

 _main (ROOT)
   _SYSTEM_Initialize
     _OSCILLATOR_Initialize
     _PIN_MANAGER_Initialize
     _PMD_Initialize

 Address spaces:
Name               Size   Autos  Total    Cost      Usage
BITCOMRAM           5F      0       0       0        0.0%
EEDATA             400      0       0       0        0.0%
NULL                 0      0       0       0        0.0%
CODE                 0      0       0       0        0.0%
COMRAM              5F      1       1       1        1.1%
STACK                0      0       0       2        0.0%
DATA                 0      0       0       3        0.0%
BITBANK5            A0      0       0       4        0.0%
BANK5               A0      0       0       5        0.0%
BITBANK6           100      0       0       6        0.0%
BANK6              100      0       0       7        0.0%
BITBANK7           100      0       0       8        0.0%
BANK7              100      0       0       9        0.0%
BITBANK8           100      0       0      10        0.0%
BANK8              100      0       0      11        0.0%
BITBANK9           100      0       0      12        0.0%
BANK9              100      0       0      13        0.0%
BITBANK10          100      0       0      14        0.0%
BANK10             100      0       0      15        0.0%
BITBANK11          100      0       0      16        0.0%
BANK11             100      0       0      17        0.0%
BITBANK12          100      0       0      18        0.0%
BANK12             100      0       0      19        0.0%
BITBANK13          100      0       0      20        0.0%
BANK13             100      0       0      21        0.0%
BITBANK14          100      0       0      22        0.0%
BANK14             100      0       0      23        0.0%
BITBANK15          100      0       0      24        0.0%
BANK15             100      0       0      25        0.0%
BITBANK16          100      0       0      26        0.0%
BANK16             100      0       0      27        0.0%
BITBANK17          100      0       0      28        0.0%
BANK17             100      0       0      29        0.0%
BITBANK18          100      0       0      30        0.0%
BANK18             100      0       0      31        0.0%
BITBANK19          100      0       0      32        0.0%
BANK19             100      0       0      33        0.0%
BITBANK20          100      0       0      34        0.0%
BANK20             100      0       0      35        0.0%
BITBANK21          100      0       0      36        0.0%
BANK21             100      0       0      37        0.0%
BITBANK22          100      0       0      38        0.0%
BANK22             100      0       0      39        0.0%
BITBANK23          100      0       0      40        0.0%
BANK23             100      0       0      41        0.0%
BITBANK24          100      0       0      42        0.0%
BANK24             100      0       0      43        0.0%
ABS                  0      0       0      44        0.0%
BITBANK25          100      0       0      45        0.0%
BANK25             100      0       0      46        0.0%
BITBANK26          100      0       0      47        0.0%
BANK26             100      0       0      48        0.0%
BITBANK27          100      0       0      49        0.0%
BANK27             100      0       0      50        0.0%
BITBANK28          100      0       0      51        0.0%
BANK28             100      0       0      52        0.0%
BITBANK29          100      0       0      53        0.0%
BANK29             100      0       0      54        0.0%
BITBANK30          100      0       0      55        0.0%
BANK30             100      0       0      56        0.0%
BITBANK31          100      0       0      57        0.0%
BANK31             100      0       0      58        0.0%
BITBANK32          100      0       0      59        0.0%
BANK32             100      0       0      60        0.0%
BITBANK33          100      0       0      61        0.0%
BANK33             100      0       0      62        0.0%
BITBANK34          100      0       0      63        0.0%
BANK34             100      0       0      64        0.0%
BITBANK35          100      0       0      65        0.0%
BANK35             100      0       0      66        0.0%
BITBANK36          100      0       0      67        0.0%
BANK36             100      0       0      68        0.0%
BITBIGSFR_1        100      0       0      69        0.0%
BIGRAM            1FFF      0       0      70        0.0%
BITBIGSFRhhh        34      0       0      71        0.0%
BITBIGSFRhhll        2      0       0      72        0.0%
BITBIGSFRlhhhlh     91      0       0      73        0.0%
BITBIGSFRlhhhlh      3      0       0      74        0.0%
BITBIGSFRlhhhlh      3      0       0      75        0.0%
BITBIGSFRlhhhll      3      0       0      76        0.0%
BITBIGSFRlhhhll      3      0       0      77        0.0%
BITBIGSFRlhhhll      3      0       0      78        0.0%
BITBIGSFRlhhhll    176      0       0      79        0.0%
BITBIGSFRlhhhll    1D2      0       0      80        0.0%
BITBIGSFRlhhlh       1      0       0      81        0.0%
BITBIGSFRlhl         1      0       0      82        0.0%
BITBIGSFRllhh       43      0       0      83        0.0%
BITBIGSFRllhl        1      0       0      84        0.0%
BITBIGSFRlll        60      0       0      85        0.0%
BIGSFR_1             0      0       0     200        0.0%
BIGSFR               0      0       0     200        0.0%
BITSFR_6             0      0       0     200        0.0%
SFR_6                0      0       0     200        0.0%
BITSFR_5             0      0       0     200        0.0%
SFR_5                0      0       0     200        0.0%
BITSFR_4             0      0       0     200        0.0%
SFR_4                0      0       0     200        0.0%
BITSFR_3             0      0       0     200        0.0%
SFR_3                0      0       0     200        0.0%
BITSFR_2             0      0       0     200        0.0%
SFR_2                0      0       0     200        0.0%
BITSFR_1             0      0       0     200        0.0%
SFR_1                0      0       0     200        0.0%
BITSFR               0      0       0     200        0.0%
SFR                  0      0       0     200        0.0%


Microchip Technology PIC18 Macro Assembler V2.40 build 20220703182018 
Symbol Table                                                                                   Sat Nov 12 14:26:34 2022

                            l72 FE46                              l75 FE6A                              l69 FE2A  
                            u10 FF1C                              u11 FF16                              u20 FF64  
                            u21 FF5E                              u30 FFAA                              u31 FFA4  
                            u16 FF1E                              u26 FF66                              u36 FFAC  
                            u47 FF38                              u57 FF4A                              u67 FF7E  
                            u77 FF90                              u87 FFC2                              u97 FFD4  
                           l170 FF06                             l901 FF44                             l911 FF9A  
                           l903 FF54                             l921 FFE0                             l913 FFBC  
                           l905 FF78                             l851 FE6C                             l923 FFE2  
                           l915 FFCC                             l907 FF88                             l861 FE94  
                           l853 FE88                             l925 FFE4                             l917 FFCE  
                           l909 FF8A                             l871 FEEC                             l863 FE9C  
                           l855 FE8A                             l919 FFDE                             l881 FEFA  
                           l873 FEEE                             l865 FEA2                             l857 FE8C  
                           l849 FE48                             l883 FEFC                             l875 FEF0  
                           l867 FEA4                             l859 FE92                             l891 FE1E  
                           l885 FEFE                             l877 FEF6                             l869 FEEA  
                           l893 FF08                             l887 FF04                             l879 FEF8  
                           l895 FF0C                             l889 FE2C                             l897 FF32  
                           l899 FF42                             u107 FFEA                             wreg 0004E8  
                          _LATA 0004BE                            _LATB 0004BF                            _LATC 0004C0  
                          _LATD 0004C1                            _LATE 0004C2                            _LATF 0004C3  
                          _PMD0 000060                            _PMD1 000061                            _PMD3 000063  
                          _PMD4 000064                            _PMD5 000065                            _PMD6 000066  
                          _PMD7 000067                            _PMD8 000068                            _WPUA 000401  
                          _WPUB 000409                            _WPUC 000411                            _WPUD 000419  
                          _WPUE 000421                            _WPUF 000429                            _main FF08  
                          start FFFC                    ___param_bank 000000   __end_of_OSCILLATOR_Initialize FE48  
                         ?_main 0501                           _OSCEN 0000B3                           _TRISA 0004C6  
                         _TRISB 0004C7                           _TRISC 0004C8                           _TRISD 0004C9  
                         _TRISE 0004CA                           _TRISF 0004CB                 __initialization FE18  
                  __end_of_main FFFC                          ??_main 0501                   __activetblptr 000000  
                        _ACTCON 0000AC                          _ANSELA 000400                          _ANSELB 000408  
                        _ANSELC 000410                          _ANSELD 000418                          _ANSELE 000420  
                        _ANSELF 000428                          _RB1I2C 000289                          _RB2I2C 000288  
                        _RC3I2C 000287                          _RC4I2C 000286                          _ODCONA 000402  
                        _ODCONB 00040A                          _ODCONC 000412                          _ODCOND 00041A  
                        _ODCONE 000422                          _ODCONF 00042A                          _INLVLA 000404  
                        _INLVLB 00040C                          _INLVLC 000414                          _INLVLD 00041C  
                        _INLVLE 000424                          _INLVLF 00042C                          _OSCFRQ 0000B1  
                        isa$std 000001                  _PMD_Initialize FE48               _SYSTEM_Initialize FE1E  
                    __accesstop 0560         __end_of__initialization FE18              ?_SYSTEM_Initialize 0501  
                 ___rparam_used 000001                  __pcstackCOMRAM 0501             ??_SYSTEM_Initialize 0501  
        __end_of_PMD_Initialize FE6C       __end_of_SYSTEM_Initialize FE2C                 ?_PMD_Initialize 0501  
                       _OSCCON1 0000AD                         _OSCCON3 0000AF                         _OSCTUNE 0000B0  
                       _SLRCONA 000403                         _SLRCONB 00040B                         _SLRCONC 000413  
                       _SLRCOND 00041B                         _SLRCONE 000423                         _SLRCONF 00042B  
                       __Hparam 0000                         __Lparam 0000                         __pcinit FE18  
                       __ramtop 2600                         __ptext0 FF08                         __ptext1 FE1E  
                       __ptext2 FE48                         __ptext3 FE6C                         __ptext4 FE2C  
         _OSCILLATOR_Initialize FE2C        ??_PIN_MANAGER_Initialize 0501            end_of_initialization FE18  
        ?_OSCILLATOR_Initialize 0501             start_initialization FE18                ??_PMD_Initialize 0501  
        _PIN_MANAGER_Initialize FE6C                        _LATCbits 0004C0                        __Hrparam 0000  
                      __Lrparam 0000         ??_OSCILLATOR_Initialize 0501                        isa$xinst 000000  
       ?_PIN_MANAGER_Initialize 0501  __end_of_PIN_MANAGER_Initialize FF08  
