

Microchip MPLAB XC8 Assembler V2.40 build 20220703182018 
                                                                                               Wed Nov 16 14:25:47 2022

Microchip MPLAB XC8 C Compiler v2.40 (Free license) build 20220703182018 Og1 
     1                           	processor	18F57Q43
     2                           	fnconf	rparam,??,?,0
     3                           	pagewidth 120
     4                           	opt	flic
     5                           	psect	cinit,global,reloc=2,class=CODE,delta=1
     6                           	psect	cstackCOMRAM,global,class=COMRAM,space=1,delta=1,lowdata,noexec
     7                           	psect	text0,global,reloc=2,class=CODE,delta=1
     8                           	psect	text1,global,reloc=2,class=CODE,delta=1
     9                           	psect	text2,global,reloc=2,class=CODE,delta=1
    10                           	psect	text3,global,reloc=2,class=CODE,delta=1
    11                           	psect	text4,global,reloc=2,class=CODE,delta=1
    12                           	psect	intsave_regs,global,class=BIGRAM,space=1,delta=1,noexec
    13                           	psect	rparam,global,class=COMRAM,space=1,delta=1,noexec
    14                           	psect	idloc,global,abs,ovrld,class=IDLOC,space=5,delta=1,noexec
    15                           	psect	config,global,abs,ovrld,class=CONFIG,space=4,delta=1,noexec
    16   000000                     
    17                           ; Generated 17/06/2022 GMT
    18                           ; 
    19                           ; Copyright © 2022, Microchip Technology Inc. and its subsidiaries ("Microchip")
    20                           ; All rights reserved.
    21                           ; 
    22                           ; This software is developed by Microchip Technology Inc. and its subsidiaries ("Microch
      +                          ip").
    23                           ; 
    24                           ; Redistribution and use in source and binary forms, with or without modification, are
    25                           ; permitted provided that the following conditions are met:
    26                           ; 
    27                           ;     1. Redistributions of source code must retain the above copyright notice, this lis
      +                          t of
    28                           ;        conditions and the following disclaimer.
    29                           ; 
    30                           ;     2. Redistributions in binary form must reproduce the above copyright notice, this 
      +                          list
    31                           ;        of conditions and the following disclaimer in the documentation and/or other
    32                           ;        materials provided with the distribution. Publication is not required when
    33                           ;        this file is used in an embedded application.
    34                           ; 
    35                           ;     3. Microchip's name may not be used to endorse or promote products derived from th
      +                          is
    36                           ;        software without specific prior written permission.
    37                           ; 
    38                           ; THIS SOFTWARE IS PROVIDED BY MICROCHIP "AS IS" AND ANY EXPRESS OR IMPLIED WARRANTIES,
    39                           ; INCLUDING, BUT NOT LIMITED TO, THE IMPLIED WARRANTIES OF MERCHANTABILITY AND FITNESS F
      +                          OR
    40                           ; PURPOSE ARE DISCLAIMED.  IN NO EVENT SHALL MICROCHIP BE LIABLE FOR ANY DIRECT, INDIREC
      +                          T,
    41                           ; INCIDENTAL, SPECIAL, EXEMPLARY, OR CONSEQUENTIAL DAMAGES (INCLUDING BUT NOT LIMITED TO
    42                           ; PROCUREMENT OF SUBSTITUTE GOODS OR SERVICES; LOSS OF USE, DATA OR PROFITS; OR BUSINESS
    43                           ; INTERRUPTION) HOWSOEVER CAUSED AND ON ANY THEORY OF LIABILITY, WHETHER IN CONTRACT, ST
      +                          RICT
    44                           ; LIABILITY, OR TORT (INCLUDING NEGLIGENCE OR OTHERWISE) ARISING IN ANY WAY OUT OF THE U
      +                          SE OF
    45                           ; THIS SOFTWARE, EVEN IF ADVISED OF THE POSSIBILITY OF SUCH DAMAGE.
    46                           ; 
    47                           ; 
    48                           ; Code-generator required, PIC18F57Q43 Definitions
    49                           ; 
    50                           ; SFR Addresses
    51   000000                     _TRISD	set	1225
    52   000000                     _TRISC	set	1224
    53   000000                     _TRISB	set	1223
    54   000000                     _LATC	set	1216
    55   000000                     _LATB	set	1215
    56   000000                     _OSCTUNE	set	176
    57   000000                     _OSCFRQ	set	177
    58   000000                     _OSCEN	set	179
    59   000000                     _LATAbits	set	1214
    60   000000                     _PMD0	set	96
    61   000000                     _ACTCON	set	172
    62   000000                     _OSCCON1	set	173
    63   000000                     _OSCCON3	set	175
    64   000000                     _RC4I2C	set	646
    65   000000                     _RC3I2C	set	647
    66   000000                     _RB2I2C	set	648
    67   000000                     _RB1I2C	set	649
    68   000000                     _ANSELA	set	1024
    69   000000                     _ANSELB	set	1032
    70   000000                     _ANSELC	set	1040
    71   000000                     _ANSELD	set	1048
    72   000000                     _LATA	set	1214
    73   000000                     _LATD	set	1217
    74   000000                     _LATE	set	1218
    75   000000                     _PMD3	set	99
    76   000000                     _PMD1	set	97
    77   000000                     _PMD8	set	104
    78   000000                     _PMD7	set	103
    79   000000                     _PMD6	set	102
    80   000000                     _PMD5	set	101
    81   000000                     _PMD4	set	100
    82   000000                     _TRISA	set	1222
    83   000000                     _TRISE	set	1226
    84   000000                     _LATF	set	1219
    85   000000                     _PORTBbits	set	1231
    86   000000                     _TRISF	set	1227
    87   000000                     _INLVLD	set	1052
    88   000000                     _SLRCOND	set	1051
    89   000000                     _ODCOND	set	1050
    90   000000                     _WPUD	set	1049
    91   000000                     _ANSELE	set	1056
    92   000000                     _INLVLC	set	1044
    93   000000                     _SLRCONC	set	1043
    94   000000                     _ODCONC	set	1042
    95   000000                     _WPUC	set	1041
    96   000000                     _INLVLB	set	1036
    97   000000                     _SLRCONB	set	1035
    98   000000                     _ODCONB	set	1034
    99   000000                     _WPUB	set	1033
   100   000000                     _INLVLE	set	1060
   101   000000                     _SLRCONE	set	1059
   102   000000                     _ODCONE	set	1058
   103   000000                     _WPUE	set	1057
   104   000000                     _ANSELF	set	1064
   105   000000                     _INLVLF	set	1068
   106   000000                     _SLRCONF	set	1067
   107   000000                     _ODCONF	set	1066
   108   000000                     _WPUF	set	1065
   109   000000                     _INLVLA	set	1028
   110   000000                     _SLRCONA	set	1027
   111   000000                     _ODCONA	set	1026
   112   000000                     _WPUA	set	1025
   113                           
   114                           ; #config settings
   115                           
   116                           	psect	cinit
   117   01FEE8                     __pcinit:
   118                           	callstack 0
   119   01FEE8                     start_initialization:
   120                           	callstack 0
   121   01FEE8                     __initialization:
   122                           	callstack 0
   123   01FEE8                     end_of_initialization:
   124                           	callstack 0
   125   01FEE8                     __end_of__initialization:
   126                           	callstack 0
   127   01FEE8  0100               	movlb	0
   128   01FEEA  EF8C  F0FF         	goto	_main	;jump to C main() function
   129                           
   130                           	psect	cstackCOMRAM
   131   000000                     __pcstackCOMRAM:
   132                           	callstack 0
   133   000000                     
   134                           ; 1 bytes @ 0x0
   135 ;;
   136 ;;Main: autosize = 0, tempsize = 0, incstack = 0, save=0
   137 ;;
   138 ;; *************** function _main *****************
   139 ;; Defined at:
   140 ;;		line 49 in file "main.c"
   141 ;; Parameters:    Size  Location     Type
   142 ;;		None
   143 ;; Auto vars:     Size  Location     Type
   144 ;;		None
   145 ;; Return value:  Size  Location     Type
   146 ;;                  1    wreg      void 
   147 ;; Registers used:
   148 ;;		wreg, status,2, cstack
   149 ;; Tracked objects:
   150 ;;		On entry : 0/0
   151 ;;		On exit  : 0/0
   152 ;;		Unchanged: 0/0
   153 ;; Data sizes:     COMRAM   BANK5   BANK6   BANK7   BANK8   BANK9  BANK10  BANK11  BANK12  BANK13  BANK14  BANK15  BANK1
      +6  BANK17  BANK18  BANK19  BANK20  BANK21  BANK22  BANK23  BANK24  BANK25  BANK26  BANK27  BANK28  BANK29  BANK30  BANK3
      +1  BANK32  BANK33  BANK34  BANK35  BANK36
   154 ;;      Params:         0       0       0       0       0       0       0       0       0       0       0       0       
      +0       0       0       0       0       0       0       0       0       0       0       0       0       0       0       
      +0       0       0       0       0       0
   155 ;;      Locals:         0       0       0       0       0       0       0       0       0       0       0       0       
      +0       0       0       0       0       0       0       0       0       0       0       0       0       0       0       
      +0       0       0       0       0       0
   156 ;;      Temps:          0       0       0       0       0       0       0       0       0       0       0       0       
      +0       0       0       0       0       0       0       0       0       0       0       0       0       0       0       
      +0       0       0       0       0       0
   157 ;;      Totals:         0       0       0       0       0       0       0       0       0       0       0       0       
      +0       0       0       0       0       0       0       0       0       0       0       0       0       0       0       
      +0       0       0       0       0       0
   158 ;;Total ram usage:        0 bytes
   159 ;; Hardware stack levels required when called: 2
   160 ;; This function calls:
   161 ;;		_SYSTEM_Initialize
   162 ;; This function is called by:
   163 ;;		Startup code after reset
   164 ;; This function uses a non-reentrant model
   165 ;;
   166                           
   167                           	psect	text0
   168   01FF18                     __ptext0:
   169                           	callstack 0
   170   01FF18                     _main:
   171                           	callstack 125
   172   01FF18                     
   173                           ;main.c: 52:     SYSTEM_Initialize();
   174   01FF18  EC77  F0FF         	call	_SYSTEM_Initialize	;wreg free
   175   01FF1C                     l881:
   176                           
   177                           ;main.c: 65:     {;main.c: 67:         if(PORTBbits.RB2 == 1)
   178   01FF1C  A4CF               	btfss	207,2,c	;volatile
   179   01FF1E  EF93  F0FF         	goto	u11
   180   01FF22  EF95  F0FF         	goto	u10
   181   01FF26                     u11:
   182   01FF26  EF98  F0FF         	goto	l157
   183   01FF2A                     u10:
   184   01FF2A  8ABE               	bsf	190,5,c	;volatile
   185   01FF2C  EF8E  F0FF         	goto	l881
   186   01FF30                     l157:
   187   01FF30  9ABE               	bcf	190,5,c	;volatile
   188   01FF32  EF8E  F0FF         	goto	l881
   189   01FF36  EFFE  F0FF         	goto	start
   190   01FF3A                     __end_of_main:
   191                           	callstack 0
   192                           
   193 ;; *************** function _SYSTEM_Initialize *****************
   194 ;; Defined at:
   195 ;;		line 50 in file "mcc_generated_files/mcc.c"
   196 ;; Parameters:    Size  Location     Type
   197 ;;		None
   198 ;; Auto vars:     Size  Location     Type
   199 ;;		None
   200 ;; Return value:  Size  Location     Type
   201 ;;                  1    wreg      void 
   202 ;; Registers used:
   203 ;;		wreg, status,2, cstack
   204 ;; Tracked objects:
   205 ;;		On entry : 0/0
   206 ;;		On exit  : 0/0
   207 ;;		Unchanged: 0/0
   208 ;; Data sizes:     COMRAM   BANK5   BANK6   BANK7   BANK8   BANK9  BANK10  BANK11  BANK12  BANK13  BANK14  BANK15  BANK1
      +6  BANK17  BANK18  BANK19  BANK20  BANK21  BANK22  BANK23  BANK24  BANK25  BANK26  BANK27  BANK28  BANK29  BANK30  BANK3
      +1  BANK32  BANK33  BANK34  BANK35  BANK36
   209 ;;      Params:         0       0       0       0       0       0       0       0       0       0       0       0       
      +0       0       0       0       0       0       0       0       0       0       0       0       0       0       0       
      +0       0       0       0       0       0
   210 ;;      Locals:         0       0       0       0       0       0       0       0       0       0       0       0       
      +0       0       0       0       0       0       0       0       0       0       0       0       0       0       0       
      +0       0       0       0       0       0
   211 ;;      Temps:          0       0       0       0       0       0       0       0       0       0       0       0       
      +0       0       0       0       0       0       0       0       0       0       0       0       0       0       0       
      +0       0       0       0       0       0
   212 ;;      Totals:         0       0       0       0       0       0       0       0       0       0       0       0       
      +0       0       0       0       0       0       0       0       0       0       0       0       0       0       0       
      +0       0       0       0       0       0
   213 ;;Total ram usage:        0 bytes
   214 ;; Hardware stack levels used: 1
   215 ;; Hardware stack levels required when called: 1
   216 ;; This function calls:
   217 ;;		_OSCILLATOR_Initialize
   218 ;;		_PIN_MANAGER_Initialize
   219 ;;		_PMD_Initialize
   220 ;; This function is called by:
   221 ;;		_main
   222 ;; This function uses a non-reentrant model
   223 ;;
   224                           
   225                           	psect	text1
   226   01FEEE                     __ptext1:
   227                           	callstack 0
   228   01FEEE                     _SYSTEM_Initialize:
   229                           	callstack 125
   230   01FEEE                     
   231                           ;mcc_generated_files/mcc.c: 52:     PMD_Initialize();
   232   01FEEE  EC9D  F0FF         	call	_PMD_Initialize	;wreg free
   233                           
   234                           ;mcc_generated_files/mcc.c: 53:     PIN_MANAGER_Initialize();
   235   01FEF2  ECAF  F0FF         	call	_PIN_MANAGER_Initialize	;wreg free
   236                           
   237                           ;mcc_generated_files/mcc.c: 54:     OSCILLATOR_Initialize();
   238   01FEF6  EC7E  F0FF         	call	_OSCILLATOR_Initialize	;wreg free
   239   01FEFA  0012               	return		;funcret
   240   01FEFC                     __end_of_SYSTEM_Initialize:
   241                           	callstack 0
   242                           
   243 ;; *************** function _PMD_Initialize *****************
   244 ;; Defined at:
   245 ;;		line 73 in file "mcc_generated_files/mcc.c"
   246 ;; Parameters:    Size  Location     Type
   247 ;;		None
   248 ;; Auto vars:     Size  Location     Type
   249 ;;		None
   250 ;; Return value:  Size  Location     Type
   251 ;;                  1    wreg      void 
   252 ;; Registers used:
   253 ;;		wreg, status,2
   254 ;; Tracked objects:
   255 ;;		On entry : 0/0
   256 ;;		On exit  : 0/0
   257 ;;		Unchanged: 0/0
   258 ;; Data sizes:     COMRAM   BANK5   BANK6   BANK7   BANK8   BANK9  BANK10  BANK11  BANK12  BANK13  BANK14  BANK15  BANK1
      +6  BANK17  BANK18  BANK19  BANK20  BANK21  BANK22  BANK23  BANK24  BANK25  BANK26  BANK27  BANK28  BANK29  BANK30  BANK3
      +1  BANK32  BANK33  BANK34  BANK35  BANK36
   259 ;;      Params:         0       0       0       0       0       0       0       0       0       0       0       0       
      +0       0       0       0       0       0       0       0       0       0       0       0       0       0       0       
      +0       0       0       0       0       0
   260 ;;      Locals:         0       0       0       0       0       0       0       0       0       0       0       0       
      +0       0       0       0       0       0       0       0       0       0       0       0       0       0       0       
      +0       0       0       0       0       0
   261 ;;      Temps:          0       0       0       0       0       0       0       0       0       0       0       0       
      +0       0       0       0       0       0       0       0       0       0       0       0       0       0       0       
      +0       0       0       0       0       0
   262 ;;      Totals:         0       0       0       0       0       0       0       0       0       0       0       0       
      +0       0       0       0       0       0       0       0       0       0       0       0       0       0       0       
      +0       0       0       0       0       0
   263 ;;Total ram usage:        0 bytes
   264 ;; Hardware stack levels used: 1
   265 ;; This function calls:
   266 ;;		Nothing
   267 ;; This function is called by:
   268 ;;		_SYSTEM_Initialize
   269 ;; This function uses a non-reentrant model
   270 ;;
   271                           
   272                           	psect	text2
   273   01FF3A                     __ptext2:
   274                           	callstack 0
   275   01FF3A                     _PMD_Initialize:
   276                           	callstack 125
   277   01FF3A                     
   278                           ;mcc_generated_files/mcc.c: 76:     PMD0 = 0x00;
   279   01FF3A  0E00               	movlw	0
   280   01FF3C  0100               	movlb	0	; () banked
   281   01FF3E  6F60               	movwf	96,b	;volatile
   282                           
   283                           ;mcc_generated_files/mcc.c: 78:     PMD1 = 0x00;
   284   01FF40  0E00               	movlw	0
   285   01FF42  6F61               	movwf	97,b	;volatile
   286                           
   287                           ;mcc_generated_files/mcc.c: 80:     PMD3 = 0x00;
   288   01FF44  0E00               	movlw	0
   289   01FF46  6F63               	movwf	99,b	;volatile
   290                           
   291                           ;mcc_generated_files/mcc.c: 82:     PMD4 = 0x00;
   292   01FF48  0E00               	movlw	0
   293   01FF4A  6F64               	movwf	100,b	;volatile
   294                           
   295                           ;mcc_generated_files/mcc.c: 84:     PMD5 = 0x00;
   296   01FF4C  0E00               	movlw	0
   297   01FF4E  6F65               	movwf	101,b	;volatile
   298                           
   299                           ;mcc_generated_files/mcc.c: 86:     PMD6 = 0x00;
   300   01FF50  0E00               	movlw	0
   301   01FF52  6F66               	movwf	102,b	;volatile
   302                           
   303                           ;mcc_generated_files/mcc.c: 88:     PMD7 = 0x00;
   304   01FF54  0E00               	movlw	0
   305   01FF56  6F67               	movwf	103,b	;volatile
   306                           
   307                           ;mcc_generated_files/mcc.c: 90:     PMD8 = 0x00;
   308   01FF58  0E00               	movlw	0
   309   01FF5A  6F68               	movwf	104,b	;volatile
   310   01FF5C                     
   311                           ; BSR set to: 0
   312   01FF5C  0012               	return		;funcret
   313   01FF5E                     __end_of_PMD_Initialize:
   314                           	callstack 0
   315                           
   316 ;; *************** function _PIN_MANAGER_Initialize *****************
   317 ;; Defined at:
   318 ;;		line 55 in file "mcc_generated_files/pin_manager.c"
   319 ;; Parameters:    Size  Location     Type
   320 ;;		None
   321 ;; Auto vars:     Size  Location     Type
   322 ;;		None
   323 ;; Return value:  Size  Location     Type
   324 ;;                  1    wreg      void 
   325 ;; Registers used:
   326 ;;		wreg, status,2
   327 ;; Tracked objects:
   328 ;;		On entry : 0/0
   329 ;;		On exit  : 0/0
   330 ;;		Unchanged: 0/0
   331 ;; Data sizes:     COMRAM   BANK5   BANK6   BANK7   BANK8   BANK9  BANK10  BANK11  BANK12  BANK13  BANK14  BANK15  BANK1
      +6  BANK17  BANK18  BANK19  BANK20  BANK21  BANK22  BANK23  BANK24  BANK25  BANK26  BANK27  BANK28  BANK29  BANK30  BANK3
      +1  BANK32  BANK33  BANK34  BANK35  BANK36
   332 ;;      Params:         0       0       0       0       0       0       0       0       0       0       0       0       
      +0       0       0       0       0       0       0       0       0       0       0       0       0       0       0       
      +0       0       0       0       0       0
   333 ;;      Locals:         0       0       0       0       0       0       0       0       0       0       0       0       
      +0       0       0       0       0       0       0       0       0       0       0       0       0       0       0       
      +0       0       0       0       0       0
   334 ;;      Temps:          0       0       0       0       0       0       0       0       0       0       0       0       
      +0       0       0       0       0       0       0       0       0       0       0       0       0       0       0       
      +0       0       0       0       0       0
   335 ;;      Totals:         0       0       0       0       0       0       0       0       0       0       0       0       
      +0       0       0       0       0       0       0       0       0       0       0       0       0       0       0       
      +0       0       0       0       0       0
   336 ;;Total ram usage:        0 bytes
   337 ;; Hardware stack levels used: 1
   338 ;; This function calls:
   339 ;;		Nothing
   340 ;; This function is called by:
   341 ;;		_SYSTEM_Initialize
   342 ;; This function uses a non-reentrant model
   343 ;;
   344                           
   345                           	psect	text3
   346   01FF5E                     __ptext3:
   347                           	callstack 0
   348   01FF5E                     _PIN_MANAGER_Initialize:
   349                           	callstack 125
   350   01FF5E                     
   351                           ;mcc_generated_files/pin_manager.c: 60:     LATE = 0x00;
   352   01FF5E  0E00               	movlw	0
   353   01FF60  6EC2               	movwf	194,c	;volatile
   354                           
   355                           ;mcc_generated_files/pin_manager.c: 61:     LATD = 0x00;
   356   01FF62  0E00               	movlw	0
   357   01FF64  6EC1               	movwf	193,c	;volatile
   358                           
   359                           ;mcc_generated_files/pin_manager.c: 62:     LATA = 0x00;
   360   01FF66  0E00               	movlw	0
   361   01FF68  6EBE               	movwf	190,c	;volatile
   362                           
   363                           ;mcc_generated_files/pin_manager.c: 63:     LATF = 0x00;
   364   01FF6A  0E00               	movlw	0
   365   01FF6C  6EC3               	movwf	195,c	;volatile
   366                           
   367                           ;mcc_generated_files/pin_manager.c: 64:     LATB = 0x04;
   368   01FF6E  0E04               	movlw	4
   369   01FF70  6EBF               	movwf	191,c	;volatile
   370                           
   371                           ;mcc_generated_files/pin_manager.c: 65:     LATC = 0x00;
   372   01FF72  0E00               	movlw	0
   373   01FF74  6EC0               	movwf	192,c	;volatile
   374                           
   375                           ;mcc_generated_files/pin_manager.c: 70:     TRISE = 0x07;
   376   01FF76  0E07               	movlw	7
   377   01FF78  6ECA               	movwf	202,c	;volatile
   378   01FF7A                     
   379                           ;mcc_generated_files/pin_manager.c: 71:     TRISF = 0xFF;
   380   01FF7A  68CB               	setf	203,c	;volatile
   381                           
   382                           ;mcc_generated_files/pin_manager.c: 72:     TRISA = 0xDF;
   383   01FF7C  0EDF               	movlw	223
   384   01FF7E  6EC6               	movwf	198,c	;volatile
   385   01FF80                     
   386                           ;mcc_generated_files/pin_manager.c: 73:     TRISB = 0xFF;
   387   01FF80  68C7               	setf	199,c	;volatile
   388   01FF82                     
   389                           ;mcc_generated_files/pin_manager.c: 74:     TRISC = 0xFF;
   390   01FF82  68C8               	setf	200,c	;volatile
   391   01FF84                     
   392                           ;mcc_generated_files/pin_manager.c: 75:     TRISD = 0xFF;
   393   01FF84  68C9               	setf	201,c	;volatile
   394   01FF86                     
   395                           ;mcc_generated_files/pin_manager.c: 80:     ANSELD = 0xFF;
   396   01FF86  0104               	movlb	4	; () banked
   397   01FF88  6918               	setf	24,b	;volatile
   398   01FF8A                     
   399                           ; BSR set to: 4
   400                           ;mcc_generated_files/pin_manager.c: 81:     ANSELC = 0xFF;
   401   01FF8A  6910               	setf	16,b	;volatile
   402                           
   403                           ;mcc_generated_files/pin_manager.c: 82:     ANSELB = 0xFB;
   404   01FF8C  0EFB               	movlw	251
   405   01FF8E  6F08               	movwf	8,b	;volatile
   406                           
   407                           ;mcc_generated_files/pin_manager.c: 83:     ANSELE = 0x07;
   408   01FF90  0E07               	movlw	7
   409   01FF92  6F20               	movwf	32,b	;volatile
   410   01FF94                     
   411                           ; BSR set to: 4
   412                           ;mcc_generated_files/pin_manager.c: 84:     ANSELF = 0xFF;
   413   01FF94  6928               	setf	40,b	;volatile
   414                           
   415                           ;mcc_generated_files/pin_manager.c: 85:     ANSELA = 0x5F;
   416   01FF96  0E5F               	movlw	95
   417   01FF98  6F00               	movwf	0,b	;volatile
   418                           
   419                           ;mcc_generated_files/pin_manager.c: 90:     WPUD = 0x00;
   420   01FF9A  0E00               	movlw	0
   421   01FF9C  6F19               	movwf	25,b	;volatile
   422                           
   423                           ;mcc_generated_files/pin_manager.c: 91:     WPUF = 0x00;
   424   01FF9E  0E00               	movlw	0
   425   01FFA0  6F29               	movwf	41,b	;volatile
   426                           
   427                           ;mcc_generated_files/pin_manager.c: 92:     WPUE = 0x00;
   428   01FFA2  0E00               	movlw	0
   429   01FFA4  6F21               	movwf	33,b	;volatile
   430                           
   431                           ;mcc_generated_files/pin_manager.c: 93:     WPUB = 0x00;
   432   01FFA6  0E00               	movlw	0
   433   01FFA8  6F09               	movwf	9,b	;volatile
   434                           
   435                           ;mcc_generated_files/pin_manager.c: 94:     WPUA = 0x00;
   436   01FFAA  0E00               	movlw	0
   437   01FFAC  6F01               	movwf	1,b	;volatile
   438                           
   439                           ;mcc_generated_files/pin_manager.c: 95:     WPUC = 0x00;
   440   01FFAE  0E00               	movlw	0
   441   01FFB0  6F11               	movwf	17,b	;volatile
   442                           
   443                           ;mcc_generated_files/pin_manager.c: 100:     RB1I2C = 0x00;
   444   01FFB2  0E00               	movlw	0
   445   01FFB4  0102               	movlb	2	; () banked
   446   01FFB6  6F89               	movwf	137,b	;volatile
   447                           
   448                           ;mcc_generated_files/pin_manager.c: 101:     RB2I2C = 0x00;
   449   01FFB8  0E00               	movlw	0
   450   01FFBA  6F88               	movwf	136,b	;volatile
   451                           
   452                           ;mcc_generated_files/pin_manager.c: 102:     RC3I2C = 0x00;
   453   01FFBC  0E00               	movlw	0
   454   01FFBE  6F87               	movwf	135,b	;volatile
   455                           
   456                           ;mcc_generated_files/pin_manager.c: 103:     RC4I2C = 0x00;
   457   01FFC0  0E00               	movlw	0
   458   01FFC2  6F86               	movwf	134,b	;volatile
   459                           
   460                           ;mcc_generated_files/pin_manager.c: 108:     ODCONE = 0x00;
   461   01FFC4  0E00               	movlw	0
   462   01FFC6  0104               	movlb	4	; () banked
   463   01FFC8  6F22               	movwf	34,b	;volatile
   464                           
   465                           ;mcc_generated_files/pin_manager.c: 109:     ODCONF = 0x00;
   466   01FFCA  0E00               	movlw	0
   467   01FFCC  6F2A               	movwf	42,b	;volatile
   468                           
   469                           ;mcc_generated_files/pin_manager.c: 110:     ODCONA = 0x00;
   470   01FFCE  0E00               	movlw	0
   471   01FFD0  6F02               	movwf	2,b	;volatile
   472                           
   473                           ;mcc_generated_files/pin_manager.c: 111:     ODCONB = 0x00;
   474   01FFD2  0E00               	movlw	0
   475   01FFD4  6F0A               	movwf	10,b	;volatile
   476                           
   477                           ;mcc_generated_files/pin_manager.c: 112:     ODCONC = 0x00;
   478   01FFD6  0E00               	movlw	0
   479   01FFD8  6F12               	movwf	18,b	;volatile
   480                           
   481                           ;mcc_generated_files/pin_manager.c: 113:     ODCOND = 0x00;
   482   01FFDA  0E00               	movlw	0
   483   01FFDC  6F1A               	movwf	26,b	;volatile
   484   01FFDE                     
   485                           ; BSR set to: 4
   486                           ;mcc_generated_files/pin_manager.c: 118:     SLRCONA = 0xFF;
   487   01FFDE  6903               	setf	3,b	;volatile
   488   01FFE0                     
   489                           ; BSR set to: 4
   490                           ;mcc_generated_files/pin_manager.c: 119:     SLRCONB = 0xFF;
   491   01FFE0  690B               	setf	11,b	;volatile
   492   01FFE2                     
   493                           ; BSR set to: 4
   494                           ;mcc_generated_files/pin_manager.c: 120:     SLRCONC = 0xFF;
   495   01FFE2  6913               	setf	19,b	;volatile
   496   01FFE4                     
   497                           ; BSR set to: 4
   498                           ;mcc_generated_files/pin_manager.c: 121:     SLRCOND = 0xFF;
   499   01FFE4  691B               	setf	27,b	;volatile
   500                           
   501                           ;mcc_generated_files/pin_manager.c: 122:     SLRCONE = 0x07;
   502   01FFE6  0E07               	movlw	7
   503   01FFE8  6F23               	movwf	35,b	;volatile
   504   01FFEA                     
   505                           ; BSR set to: 4
   506                           ;mcc_generated_files/pin_manager.c: 123:     SLRCONF = 0xFF;
   507   01FFEA  692B               	setf	43,b	;volatile
   508   01FFEC                     
   509                           ; BSR set to: 4
   510                           ;mcc_generated_files/pin_manager.c: 128:     INLVLA = 0xFF;
   511   01FFEC  6904               	setf	4,b	;volatile
   512   01FFEE                     
   513                           ; BSR set to: 4
   514                           ;mcc_generated_files/pin_manager.c: 129:     INLVLB = 0xFF;
   515   01FFEE  690C               	setf	12,b	;volatile
   516   01FFF0                     
   517                           ; BSR set to: 4
   518                           ;mcc_generated_files/pin_manager.c: 130:     INLVLC = 0xFF;
   519   01FFF0  6914               	setf	20,b	;volatile
   520   01FFF2                     
   521                           ; BSR set to: 4
   522                           ;mcc_generated_files/pin_manager.c: 131:     INLVLD = 0xFF;
   523   01FFF2  691C               	setf	28,b	;volatile
   524                           
   525                           ;mcc_generated_files/pin_manager.c: 132:     INLVLE = 0x0F;
   526   01FFF4  0E0F               	movlw	15
   527   01FFF6  6F24               	movwf	36,b	;volatile
   528   01FFF8                     
   529                           ; BSR set to: 4
   530                           ;mcc_generated_files/pin_manager.c: 133:     INLVLF = 0xFF;
   531   01FFF8  692C               	setf	44,b	;volatile
   532   01FFFA                     
   533                           ; BSR set to: 4
   534   01FFFA  0012               	return		;funcret
   535   01FFFC                     __end_of_PIN_MANAGER_Initialize:
   536                           	callstack 0
   537                           
   538 ;; *************** function _OSCILLATOR_Initialize *****************
   539 ;; Defined at:
   540 ;;		line 57 in file "mcc_generated_files/mcc.c"
   541 ;; Parameters:    Size  Location     Type
   542 ;;		None
   543 ;; Auto vars:     Size  Location     Type
   544 ;;		None
   545 ;; Return value:  Size  Location     Type
   546 ;;                  1    wreg      void 
   547 ;; Registers used:
   548 ;;		wreg, status,2
   549 ;; Tracked objects:
   550 ;;		On entry : 0/0
   551 ;;		On exit  : 0/0
   552 ;;		Unchanged: 0/0
   553 ;; Data sizes:     COMRAM   BANK5   BANK6   BANK7   BANK8   BANK9  BANK10  BANK11  BANK12  BANK13  BANK14  BANK15  BANK1
      +6  BANK17  BANK18  BANK19  BANK20  BANK21  BANK22  BANK23  BANK24  BANK25  BANK26  BANK27  BANK28  BANK29  BANK30  BANK3
      +1  BANK32  BANK33  BANK34  BANK35  BANK36
   554 ;;      Params:         0       0       0       0       0       0       0       0       0       0       0       0       
      +0       0       0       0       0       0       0       0       0       0       0       0       0       0       0       
      +0       0       0       0       0       0
   555 ;;      Locals:         0       0       0       0       0       0       0       0       0       0       0       0       
      +0       0       0       0       0       0       0       0       0       0       0       0       0       0       0       
      +0       0       0       0       0       0
   556 ;;      Temps:          0       0       0       0       0       0       0       0       0       0       0       0       
      +0       0       0       0       0       0       0       0       0       0       0       0       0       0       0       
      +0       0       0       0       0       0
   557 ;;      Totals:         0       0       0       0       0       0       0       0       0       0       0       0       
      +0       0       0       0       0       0       0       0       0       0       0       0       0       0       0       
      +0       0       0       0       0       0
   558 ;;Total ram usage:        0 bytes
   559 ;; Hardware stack levels used: 1
   560 ;; This function calls:
   561 ;;		Nothing
   562 ;; This function is called by:
   563 ;;		_SYSTEM_Initialize
   564 ;; This function uses a non-reentrant model
   565 ;;
   566                           
   567                           	psect	text4
   568   01FEFC                     __ptext4:
   569                           	callstack 0
   570   01FEFC                     _OSCILLATOR_Initialize:
   571                           	callstack 125
   572   01FEFC                     
   573                           ;mcc_generated_files/mcc.c: 60:     OSCCON1 = 0x70;
   574   01FEFC  0E70               	movlw	112
   575   01FEFE  0100               	movlb	0	; () banked
   576   01FF00  6FAD               	movwf	173,b	;volatile
   577                           
   578                           ;mcc_generated_files/mcc.c: 62:     OSCCON3 = 0x00;
   579   01FF02  0E00               	movlw	0
   580   01FF04  6FAF               	movwf	175,b	;volatile
   581                           
   582                           ;mcc_generated_files/mcc.c: 64:     OSCEN = 0x00;
   583   01FF06  0E00               	movlw	0
   584   01FF08  6FB3               	movwf	179,b	;volatile
   585                           
   586                           ;mcc_generated_files/mcc.c: 66:     OSCFRQ = 0x02;
   587   01FF0A  0E02               	movlw	2
   588   01FF0C  6FB1               	movwf	177,b	;volatile
   589                           
   590                           ;mcc_generated_files/mcc.c: 68:     OSCTUNE = 0x00;
   591   01FF0E  0E00               	movlw	0
   592   01FF10  6FB0               	movwf	176,b	;volatile
   593                           
   594                           ;mcc_generated_files/mcc.c: 70:     ACTCON = 0x00;
   595   01FF12  0E00               	movlw	0
   596   01FF14  6FAC               	movwf	172,b	;volatile
   597   01FF16                     
   598                           ; BSR set to: 0
   599   01FF16  0012               	return		;funcret
   600   01FF18                     __end_of_OSCILLATOR_Initialize:
   601                           	callstack 0
   602   000000                     
   603                           	psect	rparam
   604   000000                     
   605                           	psect	idloc
   606                           
   607                           ;Config register IDLOC0 @ 0x200000
   608                           ;	unspecified, using default values
   609   200000                     	org	2097152
   610   200000  0FFF               	dw	4095
   611                           
   612                           ;Config register IDLOC1 @ 0x200002
   613                           ;	unspecified, using default values
   614   200002                     	org	2097154
   615   200002  0FFF               	dw	4095
   616                           
   617                           ;Config register IDLOC2 @ 0x200004
   618                           ;	unspecified, using default values
   619   200004                     	org	2097156
   620   200004  0FFF               	dw	4095
   621                           
   622                           ;Config register IDLOC3 @ 0x200006
   623                           ;	unspecified, using default values
   624   200006                     	org	2097158
   625   200006  0FFF               	dw	4095
   626                           
   627                           ;Config register IDLOC4 @ 0x200008
   628                           ;	unspecified, using default values
   629   200008                     	org	2097160
   630   200008  0FFF               	dw	4095
   631                           
   632                           ;Config register IDLOC5 @ 0x20000A
   633                           ;	unspecified, using default values
   634   20000A                     	org	2097162
   635   20000A  0FFF               	dw	4095
   636                           
   637                           ;Config register IDLOC6 @ 0x20000C
   638                           ;	unspecified, using default values
   639   20000C                     	org	2097164
   640   20000C  0FFF               	dw	4095
   641                           
   642                           ;Config register IDLOC7 @ 0x20000E
   643                           ;	unspecified, using default values
   644   20000E                     	org	2097166
   645   20000E  0FFF               	dw	4095
   646                           
   647                           ;Config register IDLOC8 @ 0x200010
   648                           ;	unspecified, using default values
   649   200010                     	org	2097168
   650   200010  0FFF               	dw	4095
   651                           
   652                           ;Config register IDLOC9 @ 0x200012
   653                           ;	unspecified, using default values
   654   200012                     	org	2097170
   655   200012  0FFF               	dw	4095
   656                           
   657                           ;Config register IDLOC10 @ 0x200014
   658                           ;	unspecified, using default values
   659   200014                     	org	2097172
   660   200014  0FFF               	dw	4095
   661                           
   662                           ;Config register IDLOC11 @ 0x200016
   663                           ;	unspecified, using default values
   664   200016                     	org	2097174
   665   200016  0FFF               	dw	4095
   666                           
   667                           ;Config register IDLOC12 @ 0x200018
   668                           ;	unspecified, using default values
   669   200018                     	org	2097176
   670   200018  0FFF               	dw	4095
   671                           
   672                           ;Config register IDLOC13 @ 0x20001A
   673                           ;	unspecified, using default values
   674   20001A                     	org	2097178
   675   20001A  0FFF               	dw	4095
   676                           
   677                           ;Config register IDLOC14 @ 0x20001C
   678                           ;	unspecified, using default values
   679   20001C                     	org	2097180
   680   20001C  0FFF               	dw	4095
   681                           
   682                           ;Config register IDLOC15 @ 0x20001E
   683                           ;	unspecified, using default values
   684   20001E                     	org	2097182
   685   20001E  0FFF               	dw	4095
   686                           
   687                           ;Config register IDLOC16 @ 0x200020
   688                           ;	unspecified, using default values
   689   200020                     	org	2097184
   690   200020  0FFF               	dw	4095
   691                           
   692                           ;Config register IDLOC17 @ 0x200022
   693                           ;	unspecified, using default values
   694   200022                     	org	2097186
   695   200022  0FFF               	dw	4095
   696                           
   697                           ;Config register IDLOC18 @ 0x200024
   698                           ;	unspecified, using default values
   699   200024                     	org	2097188
   700   200024  0FFF               	dw	4095
   701                           
   702                           ;Config register IDLOC19 @ 0x200026
   703                           ;	unspecified, using default values
   704   200026                     	org	2097190
   705   200026  0FFF               	dw	4095
   706                           
   707                           ;Config register IDLOC20 @ 0x200028
   708                           ;	unspecified, using default values
   709   200028                     	org	2097192
   710   200028  0FFF               	dw	4095
   711                           
   712                           ;Config register IDLOC21 @ 0x20002A
   713                           ;	unspecified, using default values
   714   20002A                     	org	2097194
   715   20002A  0FFF               	dw	4095
   716                           
   717                           ;Config register IDLOC22 @ 0x20002C
   718                           ;	unspecified, using default values
   719   20002C                     	org	2097196
   720   20002C  0FFF               	dw	4095
   721                           
   722                           ;Config register IDLOC23 @ 0x20002E
   723                           ;	unspecified, using default values
   724   20002E                     	org	2097198
   725   20002E  0FFF               	dw	4095
   726                           
   727                           ;Config register IDLOC24 @ 0x200030
   728                           ;	unspecified, using default values
   729   200030                     	org	2097200
   730   200030  0FFF               	dw	4095
   731                           
   732                           ;Config register IDLOC25 @ 0x200032
   733                           ;	unspecified, using default values
   734   200032                     	org	2097202
   735   200032  0FFF               	dw	4095
   736                           
   737                           ;Config register IDLOC26 @ 0x200034
   738                           ;	unspecified, using default values
   739   200034                     	org	2097204
   740   200034  0FFF               	dw	4095
   741                           
   742                           ;Config register IDLOC27 @ 0x200036
   743                           ;	unspecified, using default values
   744   200036                     	org	2097206
   745   200036  0FFF               	dw	4095
   746                           
   747                           ;Config register IDLOC28 @ 0x200038
   748                           ;	unspecified, using default values
   749   200038                     	org	2097208
   750   200038  0FFF               	dw	4095
   751                           
   752                           ;Config register IDLOC29 @ 0x20003A
   753                           ;	unspecified, using default values
   754   20003A                     	org	2097210
   755   20003A  0FFF               	dw	4095
   756                           
   757                           ;Config register IDLOC30 @ 0x20003C
   758                           ;	unspecified, using default values
   759   20003C                     	org	2097212
   760   20003C  0FFF               	dw	4095
   761                           
   762                           ;Config register IDLOC31 @ 0x20003E
   763                           ;	unspecified, using default values
   764   20003E                     	org	2097214
   765   20003E  0FFF               	dw	4095
   766                           
   767                           	psect	config
   768                           
   769                           ;Config register CONFIG1 @ 0x300000
   770                           ;	External Oscillator Selection
   771                           ;	FEXTOSC = OFF, Oscillator not enabled
   772                           ;	Reset Oscillator Selection
   773                           ;	RSTOSC = EXTOSC, EXTOSC operating per FEXTOSC bits (device manufacturing default)
   774   300000                     	org	3145728
   775   300000  FC                 	db	252
   776                           
   777                           ;Config register CONFIG2 @ 0x300001
   778                           ;	Clock out Enable bit
   779                           ;	CLKOUTEN = OFF, CLKOUT function is disabled
   780                           ;	PRLOCKED One-Way Set Enable bit
   781                           ;	PR1WAY = ON, PRLOCKED bit can be cleared and set only once
   782                           ;	Clock Switch Enable bit
   783                           ;	CSWEN = ON, Writing to NOSC and NDIV is allowed
   784                           ;	Fail-Safe Clock Monitor Enable bit
   785                           ;	FCMEN = ON, Fail-Safe Clock Monitor enabled
   786   300001                     	org	3145729
   787   300001  FF                 	db	255
   788                           
   789                           ;Config register CONFIG3 @ 0x300002
   790                           ;	MCLR Enable bit
   791                           ;	MCLRE = EXTMCLR, If LVP = 0, MCLR pin is MCLR; If LVP = 1, RE3 pin function is MCLR
   792                           ;	Power-up timer selection bits
   793                           ;	PWRTS = PWRT_OFF, PWRT is disabled
   794                           ;	Multi-vector enable bit
   795                           ;	MVECEN = OFF, Interrupt contoller does not use vector table to prioritze interrupts
   796                           ;	IVTLOCK bit One-way set enable bit
   797                           ;	IVT1WAY = ON, IVTLOCKED bit can be cleared and set only once
   798                           ;	Low Power BOR Enable bit
   799                           ;	LPBOREN = OFF, Low-Power BOR disabled
   800                           ;	Brown-out Reset Enable bits
   801                           ;	BOREN = SBORDIS, Brown-out Reset enabled , SBOREN bit is ignored
   802   300002                     	org	3145730
   803   300002  F7                 	db	247
   804                           
   805                           ;Config register CONFIG4 @ 0x300003
   806                           ;	Brown-out Reset Voltage Selection bits
   807                           ;	BORV = VBOR_1P9, Brown-out Reset Voltage (VBOR) set to 1.9V
   808                           ;	ZCD Disable bit
   809                           ;	ZCD = OFF, ZCD module is disabled. ZCD can be enabled by setting the ZCDSEN bit of ZCD
      +                          CON
   810                           ;	PPSLOCK bit One-Way Set Enable bit
   811                           ;	PPS1WAY = ON, PPSLOCKED bit can be cleared and set only once; PPS registers remain loc
      +                          ked after one clear/set cycle
   812                           ;	Stack Full/Underflow Reset Enable bit
   813                           ;	STVREN = ON, Stack full/underflow will cause Reset
   814                           ;	Low Voltage Programming Enable bit
   815                           ;	LVP = ON, Low voltage programming enabled. MCLR/VPP pin function is MCLR. MCLRE config
      +                          uration bit is ignored
   816                           ;	Extended Instruction Set Enable bit
   817                           ;	XINST = OFF, Extended Instruction Set and Indexed Addressing Mode disabled
   818   300003                     	org	3145731
   819   300003  FF                 	db	255
   820                           
   821                           ;Config register CONFIG5 @ 0x300004
   822                           ;	WDT Period selection bits
   823                           ;	WDTCPS = WDTCPS_31, Divider ratio 1:65536; software control of WDTPS
   824                           ;	WDT operating mode
   825                           ;	WDTE = OFF, WDT Disabled; SWDTEN is ignored
   826   300004                     	org	3145732
   827   300004  9F                 	db	159
   828                           
   829                           ;Config register CONFIG6 @ 0x300005
   830                           ;	WDT Window Select bits
   831                           ;	WDTCWS = WDTCWS_7, window always open (100%); software control; keyed access not requi
      +                          red
   832                           ;	WDT input clock selector
   833                           ;	WDTCCS = SC, Software Control
   834   300005                     	org	3145733
   835   300005  FF                 	db	255
   836                           
   837                           ;Config register CONFIG7 @ 0x300006
   838                           ;	Boot Block Size selection bits
   839                           ;	BBSIZE = BBSIZE_512, Boot Block size is 512 words
   840                           ;	Boot Block enable bit
   841                           ;	BBEN = OFF, Boot block disabled
   842                           ;	Storage Area Flash enable bit
   843                           ;	SAFEN = OFF, SAF disabled
   844                           ;	Background Debugger
   845                           ;	DEBUG = OFF, Background Debugger disabled
   846   300006                     	org	3145734
   847   300006  FF                 	db	255
   848                           
   849                           ;Config register CONFIG8 @ 0x300007
   850                           ;	Boot Block Write Protection bit
   851                           ;	WRTB = OFF, Boot Block not Write protected
   852                           ;	Configuration Register Write Protection bit
   853                           ;	WRTC = OFF, Configuration registers not Write protected
   854                           ;	Data EEPROM Write Protection bit
   855                           ;	WRTD = OFF, Data EEPROM not Write protected
   856                           ;	SAF Write protection bit
   857                           ;	WRTSAF = OFF, SAF not Write Protected
   858                           ;	Application Block write protection bit
   859                           ;	WRTAPP = OFF, Application Block not write protected
   860   300007                     	org	3145735
   861   300007  FF                 	db	255
   862                           
   863                           ; Padding undefined space
   864   300008                     	org	3145736
   865   300008  FF                 	db	255
   866                           
   867                           ;Config register CONFIG10 @ 0x300009
   868                           ;	PFM and Data EEPROM Code Protection bit
   869                           ;	CP = OFF, PFM and Data EEPROM code protection disabled
   870   300009                     	org	3145737
   871   300009  FF                 	db	255
   872                           tosu	equ	0x4FF
   873                           tosh	equ	0x4FE
   874                           tosl	equ	0x4FD
   875                           stkptr	equ	0x4FC
   876                           pclatu	equ	0x4FB
   877                           pclath	equ	0x4FA
   878                           pcl	equ	0x4F9
   879                           tblptru	equ	0x4F8
   880                           tblptrh	equ	0x4F7
   881                           tblptrl	equ	0x4F6
   882                           tablat	equ	0x4F5
   883                           prodh	equ	0x4F4
   884                           prodl	equ	0x4F3
   885                           indf0	equ	0x4EF
   886                           postinc0	equ	0x4EE
   887                           postdec0	equ	0x4ED
   888                           preinc0	equ	0x4EC
   889                           plusw0	equ	0x4EB
   890                           fsr0h	equ	0x4EA
   891                           fsr0l	equ	0x4E9
   892                           wreg	equ	0x4E8
   893                           indf1	equ	0x4E7
   894                           postinc1	equ	0x4E6
   895                           postdec1	equ	0x4E5
   896                           preinc1	equ	0x4E4
   897                           plusw1	equ	0x4E3
   898                           fsr1h	equ	0x4E2
   899                           fsr1l	equ	0x4E1
   900                           bsr	equ	0x4E0
   901                           indf2	equ	0x4DF
   902                           postinc2	equ	0x4DE
   903                           postdec2	equ	0x4DD
   904                           preinc2	equ	0x4DC
   905                           plusw2	equ	0x4DB
   906                           fsr2h	equ	0x4DA
   907                           fsr2l	equ	0x4D9
   908                           status	equ	0x4D8

Data Sizes:
    Strings     0
    Constant    0
    Data        0
    BSS         0
    Persistent  0
    Stack       0

Auto Spaces:
    Space          Size  Autos    Used
    COMRAM           95      0       0
    BANK5           160      0       0
    BANK6           256      0       0
    BANK7           256      0       0
    BANK8           256      0       0
    BANK9           256      0       0
    BANK10          256      0       0
    BANK11          256      0       0
    BANK12          256      0       0
    BANK13          256      0       0
    BANK14          256      0       0
    BANK15          256      0       0
    BANK16          256      0       0
    BANK17          256      0       0
    BANK18          256      0       0
    BANK19          256      0       0
    BANK20          256      0       0
    BANK21          256      0       0
    BANK22          256      0       0
    BANK23          256      0       0
    BANK24          256      0       0
    BANK25          256      0       0
    BANK26          256      0       0
    BANK27          256      0       0
    BANK28          256      0       0
    BANK29          256      0       0
    BANK30          256      0       0
    BANK31          256      0       0
    BANK32          256      0       0
    BANK33          256      0       0
    BANK34          256      0       0
    BANK35          256      0       0
    BANK36          256      0       0

Pointer List with Targets:

    None.

Critical Paths under _main in COMRAM

    None.

Critical Paths under _main in BANK5

    None.

Critical Paths under _main in BANK6

    None.

Critical Paths under _main in BANK7

    None.

Critical Paths under _main in BANK8

    None.

Critical Paths under _main in BANK9

    None.

Critical Paths under _main in BANK10

    None.

Critical Paths under _main in BANK11

    None.

Critical Paths under _main in BANK12

    None.

Critical Paths under _main in BANK13

    None.

Critical Paths under _main in BANK14

    None.

Critical Paths under _main in BANK15

    None.

Critical Paths under _main in BANK16

    None.

Critical Paths under _main in BANK17

    None.

Critical Paths under _main in BANK18

    None.

Critical Paths under _main in BANK19

    None.

Critical Paths under _main in BANK20

    None.

Critical Paths under _main in BANK21

    None.

Critical Paths under _main in BANK22

    None.

Critical Paths under _main in BANK23

    None.

Critical Paths under _main in BANK24

    None.

Critical Paths under _main in BANK25

    None.

Critical Paths under _main in BANK26

    None.

Critical Paths under _main in BANK27

    None.

Critical Paths under _main in BANK28

    None.

Critical Paths under _main in BANK29

    None.

Critical Paths under _main in BANK30

    None.

Critical Paths under _main in BANK31

    None.

Critical Paths under _main in BANK32

    None.

Critical Paths under _main in BANK33

    None.

Critical Paths under _main in BANK34

    None.

Critical Paths under _main in BANK35

    None.

Critical Paths under _main in BANK36

    None.

Call Graph Tables:

 ---------------------------------------------------------------------------------
 (Depth) Function   	        Calls       Base Space   Used Autos Params    Refs
 ---------------------------------------------------------------------------------
 (0) _main                                                 0     0      0       0
                  _SYSTEM_Initialize
 ---------------------------------------------------------------------------------
 (1) _SYSTEM_Initialize                                    0     0      0       0
              _OSCILLATOR_Initialize
             _PIN_MANAGER_Initialize
                     _PMD_Initialize
 ---------------------------------------------------------------------------------
 (2) _PMD_Initialize                                       0     0      0       0
 ---------------------------------------------------------------------------------
 (2) _PIN_MANAGER_Initialize                               0     0      0       0
 ---------------------------------------------------------------------------------
 (2) _OSCILLATOR_Initialize                                0     0      0       0
 ---------------------------------------------------------------------------------
 Estimated maximum stack depth 2
 ---------------------------------------------------------------------------------

 Call Graph Graphs:

 _main (ROOT)
   _SYSTEM_Initialize
     _OSCILLATOR_Initialize
     _PIN_MANAGER_Initialize
     _PMD_Initialize

 Address spaces:
Name               Size   Autos  Total    Cost      Usage
BITCOMRAM           5F      0       0       0        0.0%
EEDATA             400      0       0       0        0.0%
NULL                 0      0       0       0        0.0%
CODE                 0      0       0       0        0.0%
COMRAM              5F      0       0       1        0.0%
STACK                0      0       0       2        0.0%
DATA                 0      0       0       3        0.0%
BITBANK5            A0      0       0       4        0.0%
BANK5               A0      0       0       5        0.0%
BITBANK6           100      0       0       6        0.0%
BANK6              100      0       0       7        0.0%
BITBANK7           100      0       0       8        0.0%
BANK7              100      0       0       9        0.0%
BITBANK8           100      0       0      10        0.0%
BANK8              100      0       0      11        0.0%
BITBANK9           100      0       0      12        0.0%
BANK9              100      0       0      13        0.0%
BITBANK10          100      0       0      14        0.0%
BANK10             100      0       0      15        0.0%
BITBANK11          100      0       0      16        0.0%
BANK11             100      0       0      17        0.0%
BITBANK12          100      0       0      18        0.0%
BANK12             100      0       0      19        0.0%
BITBANK13          100      0       0      20        0.0%
BANK13             100      0       0      21        0.0%
BITBANK14          100      0       0      22        0.0%
BANK14             100      0       0      23        0.0%
BITBANK15          100      0       0      24        0.0%
BANK15             100      0       0      25        0.0%
BITBANK16          100      0       0      26        0.0%
BANK16             100      0       0      27        0.0%
BITBANK17          100      0       0      28        0.0%
BANK17             100      0       0      29        0.0%
BITBANK18          100      0       0      30        0.0%
BANK18             100      0       0      31        0.0%
BITBANK19          100      0       0      32        0.0%
BANK19             100      0       0      33        0.0%
BITBANK20          100      0       0      34        0.0%
BANK20             100      0       0      35        0.0%
BITBANK21          100      0       0      36        0.0%
BANK21             100      0       0      37        0.0%
BITBANK22          100      0       0      38        0.0%
BANK22             100      0       0      39        0.0%
BITBANK23          100      0       0      40        0.0%
BANK23             100      0       0      41        0.0%
BITBANK24          100      0       0      42        0.0%
BANK24             100      0       0      43        0.0%
BITBANK25          100      0       0      44        0.0%
BANK25             100      0       0      45        0.0%
BITBANK26          100      0       0      46        0.0%
BANK26             100      0       0      47        0.0%
BITBANK27          100      0       0      48        0.0%
BANK27             100      0       0      49        0.0%
BITBANK28          100      0       0      50        0.0%
BANK28             100      0       0      51        0.0%
BITBANK29          100      0       0      52        0.0%
BANK29             100      0       0      53        0.0%
BITBANK30          100      0       0      54        0.0%
BANK30             100      0       0      55        0.0%
BITBANK31          100      0       0      56        0.0%
BANK31             100      0       0      57        0.0%
BITBANK32          100      0       0      58        0.0%
BANK32             100      0       0      59        0.0%
BITBANK33          100      0       0      60        0.0%
BANK33             100      0       0      61        0.0%
BITBANK34          100      0       0      62        0.0%
BANK34             100      0       0      63        0.0%
BITBANK35          100      0       0      64        0.0%
BANK35             100      0       0      65        0.0%
BITBANK36          100      0       0      66        0.0%
BANK36             100      0       0      67        0.0%
BITBIGSFR_1        100      0       0      68        0.0%
BIGRAM            1FFF      0       0      69        0.0%
BITBIGSFRhhhhhh     30      0       0      70        0.0%
BITBIGSFRhhhhhl      3      0       0      71        0.0%
BITBIGSFRhhhhll      2      0       0      72        0.0%
BITBIGSFRhhhllh     91      0       0      73        0.0%
BITBIGSFRhhhllh      3      0       0      74        0.0%
BITBIGSFRhhhllh      3      0       0      75        0.0%
BITBIGSFRhhhlll      3      0       0      76        0.0%
BITBIGSFRhhhlll      3      0       0      77        0.0%
BITBIGSFRhhhlll      3      0       0      78        0.0%
BITBIGSFRhhhlll    176      0       0      79        0.0%
BITBIGSFRhhhlll    1D2      0       0      80        0.0%
BITBIGSFRhhlh        1      0       0      81        0.0%
BITBIGSFRhl          1      0       0      82        0.0%
BITBIGSFRlhh        43      0       0      83        0.0%
BITBIGSFRlhl         1      0       0      84        0.0%
BITBIGSFRll         60      0       0      85        0.0%
ABS                  0      0       0      86        0.0%
BIGSFR_1             0      0       0     200        0.0%
BIGSFR               0      0       0     200        0.0%
BITSFR_6             0      0       0     200        0.0%
SFR_6                0      0       0     200        0.0%
BITSFR_5             0      0       0     200        0.0%
SFR_5                0      0       0     200        0.0%
BITSFR_4             0      0       0     200        0.0%
SFR_4                0      0       0     200        0.0%
BITSFR_3             0      0       0     200        0.0%
SFR_3                0      0       0     200        0.0%
BITSFR_2             0      0       0     200        0.0%
SFR_2                0      0       0     200        0.0%
BITSFR_1             0      0       0     200        0.0%
SFR_1                0      0       0     200        0.0%
BITSFR               0      0       0     200        0.0%
SFR                  0      0       0     200        0.0%


Microchip Technology PIC18 Macro Assembler V2.40 build 20220703182018 
Symbol Table                                                                                   Wed Nov 16 14:25:47 2022

                            l40 FF16                              l43 FF5C                              l37 FEFA  
                            u10 FF2A                              u11 FF26                             l138 FFFA  
                           l154 FF2A                             l157 FF30                             l841 FF7A  
                           l851 FF8A                             l843 FF80                             l861 FFE4  
                           l853 FF94                             l845 FF82                             l837 FF3A  
                           l871 FFF2                             l863 FFEA                             l855 FFDE  
                           l847 FF84                             l839 FF5E                             l873 FFF8  
                           l865 FFEC                             l857 FFE0                             l849 FF86  
                           l881 FF1C                             l875 FEFC                             l867 FFEE  
                           l859 FFE2                             l869 FFF0                             l877 FEEE  
                           l879 FF18                            _LATA 0004BE                            _LATB 0004BF  
                          _LATC 0004C0                            _LATD 0004C1                            _LATE 0004C2  
                          _LATF 0004C3                            _PMD0 000060                            _PMD1 000061  
                          _PMD3 000063                            _PMD4 000064                            _PMD5 000065  
                          _PMD6 000066                            _PMD7 000067                            _PMD8 000068  
                          _WPUA 000401                            _WPUB 000409                            _WPUC 000411  
                          _WPUD 000419                            _WPUE 000421                            _WPUF 000429  
                          _main FF18                            start FFFC                    ___param_bank 000000  
 __end_of_OSCILLATOR_Initialize FF18                           ?_main 0000                           _OSCEN 0000B3  
                         _TRISA 0004C6                           _TRISB 0004C7                           _TRISC 0004C8  
                         _TRISD 0004C9                           _TRISE 0004CA                           _TRISF 0004CB  
               __initialization FEE8                    __end_of_main FF3A                          ??_main 0000  
                 __activetblptr 000000                          _ACTCON 0000AC                          _ANSELA 000400  
                        _ANSELB 000408                          _ANSELC 000410                          _ANSELD 000418  
                        _ANSELE 000420                          _ANSELF 000428                          _RB1I2C 000289  
                        _RB2I2C 000288                          _RC3I2C 000287                          _RC4I2C 000286  
                        _ODCONA 000402                          _ODCONB 00040A                          _ODCONC 000412  
                        _ODCOND 00041A                          _ODCONE 000422                          _ODCONF 00042A  
                        _INLVLA 000404                          _INLVLB 00040C                          _INLVLC 000414  
                        _INLVLD 00041C                          _INLVLE 000424                          _INLVLF 00042C  
                        _OSCFRQ 0000B1                          isa$std 000001                  _PMD_Initialize FF3A  
             _SYSTEM_Initialize FEEE                      __accesstop 0560         __end_of__initialization FEE8  
            ?_SYSTEM_Initialize 0000                   ___rparam_used 000001                  __pcstackCOMRAM 0000  
           ??_SYSTEM_Initialize 0000          __end_of_PMD_Initialize FF5E       __end_of_SYSTEM_Initialize FEFC  
               ?_PMD_Initialize 0000                         _OSCCON1 0000AD                         _OSCCON3 0000AF  
                       _OSCTUNE 0000B0                         _SLRCONA 000403                         _SLRCONB 00040B  
                       _SLRCONC 000413                         _SLRCOND 00041B                         _SLRCONE 000423  
                       _SLRCONF 00042B                         __Hparam 0000                         __Lparam 0000  
                       __pcinit FEE8                         __ramtop 2600                         __ptext0 FF18  
                       __ptext1 FEEE                         __ptext2 FF3A                         __ptext3 FF5E  
                       __ptext4 FEFC           _OSCILLATOR_Initialize FEFC        ??_PIN_MANAGER_Initialize 0000  
          end_of_initialization FEE8                       _PORTBbits 0004CF          ?_OSCILLATOR_Initialize 0000  
           start_initialization FEE8                ??_PMD_Initialize 0000          _PIN_MANAGER_Initialize FF5E  
                      _LATAbits 0004BE                        __Hrparam 0000                        __Lrparam 0000  
       ??_OSCILLATOR_Initialize 0000                        isa$xinst 000000         ?_PIN_MANAGER_Initialize 0000  
__end_of_PIN_MANAGER_Initialize FFFC  
